# output generated by extract --stdin=/home/garner1/Work/dataset/cutseq/XZ167BICRO152/indata/r1_0.fq.gz --bc-pattern=NNNNNNNNXXXXXXXX --log=processed.log --stdout /home/garner1/Work/dataset/cutseq/XZ167BICRO152/indata/processed.fastq.gz
# job started at Thu Mar 28 10:44:01 2019 on P920 -- 90312cfb-cd54-4d2a-a4ba-029b8ff76621
# pid: 4992, system: Linux 4.15.0-46-generic #49-Ubuntu SMP Wed Feb 6 09:33:07 UTC 2019 x86_64
# blacklist                               : None
# compresslevel                           : 6
# error_correct_cell                      : False
# extract_method                          : string
# filter_cell_barcode                     : None
# filter_cell_barcodes                    : False
# log2stderr                              : False
# loglevel                                : 1
# pattern                                 : NNNNNNNNXXXXXXXX
# pattern2                                : None
# prime3                                  : None
# quality_encoding                        : None
# quality_filter_mask                     : None
# quality_filter_threshold                : None
# random_seed                             : None
# read2_in                                : None
# read2_out                               : False
# read2_stdout                            : False
# reads_subset                            : None
# reconcile                               : False
# retain_umi                              : None
# short_help                              : None
# stderr                                  : <_io.TextIOWrapper name='<stderr>' mode='w' encoding='UTF-8'>
# stdin                                   : <_io.TextIOWrapper name='/home/garner1/Work/dataset/cutseq/XZ167BICRO152/indata/r1_0.fq.gz' encoding='ascii'>
# stdlog                                  : <_io.TextIOWrapper name='processed.log' mode='a' encoding='UTF-8'>
# stdout                                  : <_io.TextIOWrapper name='/home/garner1/Work/dataset/cutseq/XZ167BICRO152/indata/processed.fastq.gz' encoding='ascii'>
# timeit_file                             : None
# timeit_header                           : None
# timeit_name                             : all
# whitelist                               : None
2019-03-28 10:44:01,053 INFO Starting barcode extraction
2019-03-28 10:44:03,252 INFO Parsed 100000 reads
2019-03-28 10:44:05,487 INFO Parsed 200000 reads
2019-03-28 10:44:07,726 INFO Parsed 300000 reads
2019-03-28 10:44:09,940 INFO Parsed 400000 reads
2019-03-28 10:44:12,153 INFO Parsed 500000 reads
2019-03-28 10:44:14,342 INFO Parsed 600000 reads
2019-03-28 10:44:16,560 INFO Parsed 700000 reads
2019-03-28 10:44:18,758 INFO Parsed 800000 reads
2019-03-28 10:44:20,958 INFO Parsed 900000 reads
2019-03-28 10:44:23,193 INFO Parsed 1000000 reads
2019-03-28 10:44:25,404 INFO Parsed 1100000 reads
2019-03-28 10:44:27,612 INFO Parsed 1200000 reads
2019-03-28 10:44:29,775 INFO Parsed 1300000 reads
2019-03-28 10:44:31,975 INFO Parsed 1400000 reads
2019-03-28 10:44:34,135 INFO Parsed 1500000 reads
2019-03-28 10:44:36,334 INFO Parsed 1600000 reads
2019-03-28 10:44:38,534 INFO Parsed 1700000 reads
2019-03-28 10:44:40,741 INFO Parsed 1800000 reads
2019-03-28 10:44:42,997 INFO Parsed 1900000 reads
2019-03-28 10:44:45,254 INFO Parsed 2000000 reads
2019-03-28 10:44:47,507 INFO Parsed 2100000 reads
2019-03-28 10:44:49,807 INFO Parsed 2200000 reads
2019-03-28 10:44:52,083 INFO Parsed 2300000 reads
2019-03-28 10:44:54,254 INFO Parsed 2400000 reads
2019-03-28 10:44:56,462 INFO Parsed 2500000 reads
2019-03-28 10:44:58,714 INFO Parsed 2600000 reads
2019-03-28 10:45:00,973 INFO Parsed 2700000 reads
2019-03-28 10:45:03,137 INFO Parsed 2800000 reads
2019-03-28 10:45:05,285 INFO Parsed 2900000 reads
2019-03-28 10:45:07,506 INFO Parsed 3000000 reads
2019-03-28 10:45:09,752 INFO Parsed 3100000 reads
2019-03-28 10:45:11,950 INFO Parsed 3200000 reads
2019-03-28 10:45:14,141 INFO Parsed 3300000 reads
2019-03-28 10:45:16,291 INFO Parsed 3400000 reads
2019-03-28 10:45:18,492 INFO Parsed 3500000 reads
2019-03-28 10:45:20,685 INFO Parsed 3600000 reads
2019-03-28 10:45:22,898 INFO Parsed 3700000 reads
2019-03-28 10:45:25,142 INFO Parsed 3800000 reads
2019-03-28 10:45:27,348 INFO Parsed 3900000 reads
2019-03-28 10:45:29,544 INFO Parsed 4000000 reads
2019-03-28 10:45:31,790 INFO Parsed 4100000 reads
2019-03-28 10:45:33,998 INFO Parsed 4200000 reads
2019-03-28 10:45:36,261 INFO Parsed 4300000 reads
2019-03-28 10:45:38,547 INFO Parsed 4400000 reads
2019-03-28 10:45:40,791 INFO Parsed 4500000 reads
2019-03-28 10:45:43,021 INFO Parsed 4600000 reads
2019-03-28 10:45:45,231 INFO Parsed 4700000 reads
2019-03-28 10:45:47,501 INFO Parsed 4800000 reads
2019-03-28 10:45:49,722 INFO Parsed 4900000 reads
2019-03-28 10:45:51,939 INFO Parsed 5000000 reads
2019-03-28 10:45:54,169 INFO Parsed 5100000 reads
2019-03-28 10:45:56,406 INFO Parsed 5200000 reads
2019-03-28 10:45:58,673 INFO Parsed 5300000 reads
2019-03-28 10:46:00,902 INFO Parsed 5400000 reads
2019-03-28 10:46:03,090 INFO Parsed 5500000 reads
2019-03-28 10:46:05,287 INFO Parsed 5600000 reads
2019-03-28 10:46:07,462 INFO Parsed 5700000 reads
2019-03-28 10:46:09,669 INFO Parsed 5800000 reads
2019-03-28 10:46:11,884 INFO Parsed 5900000 reads
2019-03-28 10:46:14,110 INFO Parsed 6000000 reads
2019-03-28 10:46:16,325 INFO Parsed 6100000 reads
2019-03-28 10:46:18,497 INFO Parsed 6200000 reads
2019-03-28 10:46:20,707 INFO Parsed 6300000 reads
2019-03-28 10:46:22,907 INFO Parsed 6400000 reads
2019-03-28 10:46:25,155 INFO Parsed 6500000 reads
2019-03-28 10:46:27,383 INFO Parsed 6600000 reads
2019-03-28 10:46:29,616 INFO Parsed 6700000 reads
2019-03-28 10:46:31,898 INFO Parsed 6800000 reads
2019-03-28 10:46:34,127 INFO Parsed 6900000 reads
2019-03-28 10:46:36,350 INFO Parsed 7000000 reads
2019-03-28 10:46:38,588 INFO Parsed 7100000 reads
2019-03-28 10:46:40,773 INFO Parsed 7200000 reads
2019-03-28 10:46:42,973 INFO Parsed 7300000 reads
2019-03-28 10:46:45,211 INFO Parsed 7400000 reads
2019-03-28 10:46:47,438 INFO Parsed 7500000 reads
2019-03-28 10:46:49,655 INFO Parsed 7600000 reads
2019-03-28 10:46:51,945 INFO Parsed 7700000 reads
2019-03-28 10:46:54,162 INFO Parsed 7800000 reads
2019-03-28 10:46:56,407 INFO Parsed 7900000 reads
2019-03-28 10:46:58,630 INFO Parsed 8000000 reads
2019-03-28 10:47:00,866 INFO Parsed 8100000 reads
2019-03-28 10:47:03,095 INFO Parsed 8200000 reads
2019-03-28 10:47:05,343 INFO Parsed 8300000 reads
2019-03-28 10:47:07,556 INFO Parsed 8400000 reads
2019-03-28 10:47:09,835 INFO Parsed 8500000 reads
2019-03-28 10:47:12,115 INFO Parsed 8600000 reads
2019-03-28 10:47:14,402 INFO Parsed 8700000 reads
2019-03-28 10:47:16,665 INFO Parsed 8800000 reads
2019-03-28 10:47:18,970 INFO Parsed 8900000 reads
2019-03-28 10:47:21,277 INFO Parsed 9000000 reads
2019-03-28 10:47:23,474 INFO Parsed 9100000 reads
2019-03-28 10:47:25,690 INFO Parsed 9200000 reads
2019-03-28 10:47:27,999 INFO Parsed 9300000 reads
2019-03-28 10:47:30,212 INFO Parsed 9400000 reads
2019-03-28 10:47:32,442 INFO Parsed 9500000 reads
2019-03-28 10:47:34,697 INFO Parsed 9600000 reads
2019-03-28 10:47:36,956 INFO Parsed 9700000 reads
2019-03-28 10:47:39,141 INFO Parsed 9800000 reads
2019-03-28 10:47:41,403 INFO Parsed 9900000 reads
2019-03-28 10:47:43,665 INFO Parsed 10000000 reads
2019-03-28 10:47:45,890 INFO Parsed 10100000 reads
2019-03-28 10:47:48,158 INFO Parsed 10200000 reads
2019-03-28 10:47:50,414 INFO Parsed 10300000 reads
2019-03-28 10:47:52,649 INFO Parsed 10400000 reads
2019-03-28 10:47:54,888 INFO Parsed 10500000 reads
2019-03-28 10:47:57,110 INFO Parsed 10600000 reads
2019-03-28 10:47:59,424 INFO Parsed 10700000 reads
2019-03-28 10:48:01,660 INFO Parsed 10800000 reads
2019-03-28 10:48:03,887 INFO Parsed 10900000 reads
2019-03-28 10:48:06,073 INFO Parsed 11000000 reads
2019-03-28 10:48:08,309 INFO Parsed 11100000 reads
2019-03-28 10:48:10,602 INFO Parsed 11200000 reads
2019-03-28 10:48:12,792 INFO Parsed 11300000 reads
2019-03-28 10:48:15,012 INFO Parsed 11400000 reads
2019-03-28 10:48:17,247 INFO Parsed 11500000 reads
2019-03-28 10:48:19,415 INFO Parsed 11600000 reads
2019-03-28 10:48:21,697 INFO Parsed 11700000 reads
2019-03-28 10:48:23,941 INFO Parsed 11800000 reads
2019-03-28 10:48:26,162 INFO Parsed 11900000 reads
2019-03-28 10:48:28,316 INFO Parsed 12000000 reads
2019-03-28 10:48:30,506 INFO Parsed 12100000 reads
2019-03-28 10:48:32,774 INFO Parsed 12200000 reads
2019-03-28 10:48:35,020 INFO Parsed 12300000 reads
2019-03-28 10:48:37,345 INFO Parsed 12400000 reads
2019-03-28 10:48:39,607 INFO Parsed 12500000 reads
2019-03-28 10:48:41,792 INFO Parsed 12600000 reads
2019-03-28 10:48:44,108 INFO Parsed 12700000 reads
2019-03-28 10:48:46,364 INFO Parsed 12800000 reads
2019-03-28 10:48:48,610 INFO Parsed 12900000 reads
2019-03-28 10:48:50,917 INFO Parsed 13000000 reads
2019-03-28 10:48:53,181 INFO Parsed 13100000 reads
2019-03-28 10:48:55,447 INFO Parsed 13200000 reads
2019-03-28 10:48:57,634 INFO Parsed 13300000 reads
2019-03-28 10:48:59,818 INFO Parsed 13400000 reads
2019-03-28 10:49:02,059 INFO Parsed 13500000 reads
2019-03-28 10:49:04,290 INFO Parsed 13600000 reads
2019-03-28 10:49:06,526 INFO Parsed 13700000 reads
2019-03-28 10:49:08,748 INFO Parsed 13800000 reads
2019-03-28 10:49:10,883 INFO Parsed 13900000 reads
2019-03-28 10:49:13,056 INFO Parsed 14000000 reads
2019-03-28 10:49:15,254 INFO Parsed 14100000 reads
2019-03-28 10:49:17,461 INFO Parsed 14200000 reads
2019-03-28 10:49:19,711 INFO Parsed 14300000 reads
2019-03-28 10:49:21,941 INFO Parsed 14400000 reads
2019-03-28 10:49:24,258 INFO Parsed 14500000 reads
2019-03-28 10:49:26,517 INFO Parsed 14600000 reads
2019-03-28 10:49:28,707 INFO Parsed 14700000 reads
2019-03-28 10:49:30,950 INFO Parsed 14800000 reads
2019-03-28 10:49:33,205 INFO Parsed 14900000 reads
2019-03-28 10:49:35,450 INFO Parsed 15000000 reads
2019-03-28 10:49:37,694 INFO Parsed 15100000 reads
2019-03-28 10:49:40,012 INFO Parsed 15200000 reads
2019-03-28 10:49:42,255 INFO Parsed 15300000 reads
2019-03-28 10:49:44,433 INFO Parsed 15400000 reads
2019-03-28 10:49:46,617 INFO Parsed 15500000 reads
2019-03-28 10:49:48,834 INFO Parsed 15600000 reads
2019-03-28 10:49:51,080 INFO Parsed 15700000 reads
2019-03-28 10:49:53,283 INFO Parsed 15800000 reads
2019-03-28 10:49:55,469 INFO Parsed 15900000 reads
2019-03-28 10:49:57,701 INFO Parsed 16000000 reads
2019-03-28 10:49:59,954 INFO Parsed 16100000 reads
2019-03-28 10:50:02,195 INFO Parsed 16200000 reads
2019-03-28 10:50:04,414 INFO Parsed 16300000 reads
2019-03-28 10:50:06,615 INFO Parsed 16400000 reads
2019-03-28 10:50:08,883 INFO Parsed 16500000 reads
2019-03-28 10:50:11,150 INFO Parsed 16600000 reads
2019-03-28 10:50:13,350 INFO Parsed 16700000 reads
2019-03-28 10:50:15,607 INFO Parsed 16800000 reads
2019-03-28 10:50:17,866 INFO Parsed 16900000 reads
2019-03-28 10:50:18,246 INFO Input Reads: 16917233
2019-03-28 10:50:18,246 INFO Reads output: 16917233
# job finished in 377 seconds at Thu Mar 28 10:50:18 2019 -- 378.34  2.41  0.01  0.00 -- 90312cfb-cd54-4d2a-a4ba-029b8ff76621
# output generated by extract --stdin=/home/garner1/Work/dataset/cutseq/XZ168BICRO152/indata/r1_0.fq.gz --bc-pattern=NNNNNNNNXXXXXXXX --log=processed.log --stdout /home/garner1/Work/dataset/cutseq/XZ168BICRO152/indata/processed.fastq.gz
# job started at Thu Mar 28 11:07:03 2019 on P920 -- 0d325b82-d80c-42f0-862e-d0116eda5317
# pid: 24355, system: Linux 4.15.0-46-generic #49-Ubuntu SMP Wed Feb 6 09:33:07 UTC 2019 x86_64
# blacklist                               : None
# compresslevel                           : 6
# error_correct_cell                      : False
# extract_method                          : string
# filter_cell_barcode                     : None
# filter_cell_barcodes                    : False
# log2stderr                              : False
# loglevel                                : 1
# pattern                                 : NNNNNNNNXXXXXXXX
# pattern2                                : None
# prime3                                  : None
# quality_encoding                        : None
# quality_filter_mask                     : None
# quality_filter_threshold                : None
# random_seed                             : None
# read2_in                                : None
# read2_out                               : False
# read2_stdout                            : False
# reads_subset                            : None
# reconcile                               : False
# retain_umi                              : None
# short_help                              : None
# stderr                                  : <_io.TextIOWrapper name='<stderr>' mode='w' encoding='UTF-8'>
# stdin                                   : <_io.TextIOWrapper name='/home/garner1/Work/dataset/cutseq/XZ168BICRO152/indata/r1_0.fq.gz' encoding='ascii'>
# stdlog                                  : <_io.TextIOWrapper name='processed.log' mode='a' encoding='UTF-8'>
# stdout                                  : <_io.TextIOWrapper name='/home/garner1/Work/dataset/cutseq/XZ168BICRO152/indata/processed.fastq.gz' encoding='ascii'>
# timeit_file                             : None
# timeit_header                           : None
# timeit_name                             : all
# whitelist                               : None
2019-03-28 11:07:03,387 INFO Starting barcode extraction
2019-03-28 11:07:05,561 INFO Parsed 100000 reads
2019-03-28 11:07:07,784 INFO Parsed 200000 reads
2019-03-28 11:07:10,050 INFO Parsed 300000 reads
2019-03-28 11:07:12,305 INFO Parsed 400000 reads
2019-03-28 11:07:14,533 INFO Parsed 500000 reads
2019-03-28 11:07:16,771 INFO Parsed 600000 reads
2019-03-28 11:07:19,033 INFO Parsed 700000 reads
2019-03-28 11:07:21,250 INFO Parsed 800000 reads
2019-03-28 11:07:23,498 INFO Parsed 900000 reads
2019-03-28 11:07:25,720 INFO Parsed 1000000 reads
2019-03-28 11:07:27,949 INFO Parsed 1100000 reads
2019-03-28 11:07:30,182 INFO Parsed 1200000 reads
2019-03-28 11:07:32,443 INFO Parsed 1300000 reads
2019-03-28 11:07:34,644 INFO Parsed 1400000 reads
2019-03-28 11:07:36,918 INFO Parsed 1500000 reads
2019-03-28 11:07:39,174 INFO Parsed 1600000 reads
2019-03-28 11:07:41,393 INFO Parsed 1700000 reads
2019-03-28 11:07:43,620 INFO Parsed 1800000 reads
2019-03-28 11:07:45,848 INFO Parsed 1900000 reads
2019-03-28 11:07:48,043 INFO Parsed 2000000 reads
2019-03-28 11:07:50,240 INFO Parsed 2100000 reads
2019-03-28 11:07:52,413 INFO Parsed 2200000 reads
2019-03-28 11:07:54,626 INFO Parsed 2300000 reads
2019-03-28 11:07:56,840 INFO Parsed 2400000 reads
2019-03-28 11:07:59,051 INFO Parsed 2500000 reads
2019-03-28 11:08:01,272 INFO Parsed 2600000 reads
2019-03-28 11:08:03,465 INFO Parsed 2700000 reads
2019-03-28 11:08:05,669 INFO Parsed 2800000 reads
2019-03-28 11:08:07,851 INFO Parsed 2900000 reads
2019-03-28 11:08:10,073 INFO Parsed 3000000 reads
2019-03-28 11:08:12,311 INFO Parsed 3100000 reads
2019-03-28 11:08:14,486 INFO Parsed 3200000 reads
2019-03-28 11:08:16,695 INFO Parsed 3300000 reads
2019-03-28 11:08:18,927 INFO Parsed 3400000 reads
2019-03-28 11:08:21,118 INFO Parsed 3500000 reads
2019-03-28 11:08:23,338 INFO Parsed 3600000 reads
2019-03-28 11:08:25,498 INFO Parsed 3700000 reads
2019-03-28 11:08:27,689 INFO Parsed 3800000 reads
2019-03-28 11:08:29,840 INFO Parsed 3900000 reads
2019-03-28 11:08:32,017 INFO Parsed 4000000 reads
2019-03-28 11:08:34,215 INFO Parsed 4100000 reads
2019-03-28 11:08:36,419 INFO Parsed 4200000 reads
2019-03-28 11:08:38,627 INFO Parsed 4300000 reads
2019-03-28 11:08:40,815 INFO Parsed 4400000 reads
2019-03-28 11:08:42,907 INFO Parsed 4500000 reads
2019-03-28 11:08:45,076 INFO Parsed 4600000 reads
2019-03-28 11:08:47,262 INFO Parsed 4700000 reads
2019-03-28 11:08:49,479 INFO Parsed 4800000 reads
2019-03-28 11:08:51,683 INFO Parsed 4900000 reads
2019-03-28 11:08:53,871 INFO Parsed 5000000 reads
2019-03-28 11:08:56,086 INFO Parsed 5100000 reads
2019-03-28 11:08:58,274 INFO Parsed 5200000 reads
2019-03-28 11:09:00,490 INFO Parsed 5300000 reads
2019-03-28 11:09:02,700 INFO Parsed 5400000 reads
2019-03-28 11:09:04,913 INFO Parsed 5500000 reads
2019-03-28 11:09:07,232 INFO Parsed 5600000 reads
2019-03-28 11:09:09,428 INFO Parsed 5700000 reads
2019-03-28 11:09:11,664 INFO Parsed 5800000 reads
2019-03-28 11:09:13,850 INFO Parsed 5900000 reads
2019-03-28 11:09:16,082 INFO Parsed 6000000 reads
2019-03-28 11:09:18,332 INFO Parsed 6100000 reads
2019-03-28 11:09:20,576 INFO Parsed 6200000 reads
2019-03-28 11:09:22,761 INFO Parsed 6300000 reads
2019-03-28 11:09:24,943 INFO Parsed 6400000 reads
2019-03-28 11:09:27,109 INFO Parsed 6500000 reads
2019-03-28 11:09:29,284 INFO Parsed 6600000 reads
2019-03-28 11:09:31,510 INFO Parsed 6700000 reads
2019-03-28 11:09:33,751 INFO Parsed 6800000 reads
2019-03-28 11:09:35,991 INFO Parsed 6900000 reads
2019-03-28 11:09:38,248 INFO Parsed 7000000 reads
2019-03-28 11:09:40,458 INFO Parsed 7100000 reads
2019-03-28 11:09:42,682 INFO Parsed 7200000 reads
2019-03-28 11:09:44,892 INFO Parsed 7300000 reads
2019-03-28 11:09:47,108 INFO Parsed 7400000 reads
2019-03-28 11:09:49,330 INFO Parsed 7500000 reads
2019-03-28 11:09:51,534 INFO Parsed 7600000 reads
2019-03-28 11:09:53,715 INFO Parsed 7700000 reads
2019-03-28 11:09:55,930 INFO Parsed 7800000 reads
2019-03-28 11:09:58,140 INFO Parsed 7900000 reads
2019-03-28 11:10:00,348 INFO Parsed 8000000 reads
2019-03-28 11:10:02,580 INFO Parsed 8100000 reads
2019-03-28 11:10:04,763 INFO Parsed 8200000 reads
2019-03-28 11:10:06,964 INFO Parsed 8300000 reads
2019-03-28 11:10:09,113 INFO Parsed 8400000 reads
2019-03-28 11:10:11,328 INFO Parsed 8500000 reads
2019-03-28 11:10:13,518 INFO Parsed 8600000 reads
2019-03-28 11:10:15,734 INFO Parsed 8700000 reads
2019-03-28 11:10:17,923 INFO Parsed 8800000 reads
2019-03-28 11:10:20,108 INFO Parsed 8900000 reads
2019-03-28 11:10:22,326 INFO Parsed 9000000 reads
2019-03-28 11:10:24,512 INFO Parsed 9100000 reads
2019-03-28 11:10:26,692 INFO Parsed 9200000 reads
2019-03-28 11:10:28,908 INFO Parsed 9300000 reads
2019-03-28 11:10:31,076 INFO Parsed 9400000 reads
2019-03-28 11:10:33,270 INFO Parsed 9500000 reads
2019-03-28 11:10:35,463 INFO Parsed 9600000 reads
2019-03-28 11:10:37,656 INFO Parsed 9700000 reads
2019-03-28 11:10:39,817 INFO Parsed 9800000 reads
2019-03-28 11:10:42,054 INFO Parsed 9900000 reads
2019-03-28 11:10:44,263 INFO Parsed 10000000 reads
2019-03-28 11:10:46,484 INFO Parsed 10100000 reads
2019-03-28 11:10:48,655 INFO Parsed 10200000 reads
2019-03-28 11:10:50,871 INFO Parsed 10300000 reads
2019-03-28 11:10:53,144 INFO Parsed 10400000 reads
2019-03-28 11:10:55,357 INFO Parsed 10500000 reads
2019-03-28 11:10:57,539 INFO Parsed 10600000 reads
2019-03-28 11:10:59,772 INFO Parsed 10700000 reads
2019-03-28 11:11:01,999 INFO Parsed 10800000 reads
2019-03-28 11:11:04,167 INFO Parsed 10900000 reads
2019-03-28 11:11:06,363 INFO Parsed 11000000 reads
2019-03-28 11:11:08,550 INFO Parsed 11100000 reads
2019-03-28 11:11:10,835 INFO Parsed 11200000 reads
2019-03-28 11:11:13,000 INFO Parsed 11300000 reads
2019-03-28 11:11:15,204 INFO Parsed 11400000 reads
2019-03-28 11:11:17,403 INFO Parsed 11500000 reads
2019-03-28 11:11:19,618 INFO Parsed 11600000 reads
2019-03-28 11:11:21,873 INFO Parsed 11700000 reads
2019-03-28 11:11:24,130 INFO Parsed 11800000 reads
2019-03-28 11:11:26,366 INFO Parsed 11900000 reads
2019-03-28 11:11:28,611 INFO Parsed 12000000 reads
2019-03-28 11:11:30,880 INFO Parsed 12100000 reads
2019-03-28 11:11:33,167 INFO Parsed 12200000 reads
2019-03-28 11:11:35,348 INFO Parsed 12300000 reads
2019-03-28 11:11:37,552 INFO Parsed 12400000 reads
2019-03-28 11:11:39,806 INFO Parsed 12500000 reads
2019-03-28 11:11:42,025 INFO Parsed 12600000 reads
2019-03-28 11:11:44,213 INFO Parsed 12700000 reads
2019-03-28 11:11:46,426 INFO Parsed 12800000 reads
2019-03-28 11:11:48,646 INFO Parsed 12900000 reads
2019-03-28 11:11:50,938 INFO Parsed 13000000 reads
2019-03-28 11:11:53,184 INFO Parsed 13100000 reads
2019-03-28 11:11:55,368 INFO Parsed 13200000 reads
2019-03-28 11:11:57,555 INFO Parsed 13300000 reads
2019-03-28 11:11:59,744 INFO Parsed 13400000 reads
2019-03-28 11:12:01,946 INFO Parsed 13500000 reads
2019-03-28 11:12:04,155 INFO Parsed 13600000 reads
2019-03-28 11:12:06,402 INFO Parsed 13700000 reads
2019-03-28 11:12:08,627 INFO Parsed 13800000 reads
2019-03-28 11:12:10,874 INFO Parsed 13900000 reads
2019-03-28 11:12:13,095 INFO Parsed 14000000 reads
2019-03-28 11:12:15,299 INFO Parsed 14100000 reads
2019-03-28 11:12:17,462 INFO Parsed 14200000 reads
2019-03-28 11:12:19,649 INFO Parsed 14300000 reads
2019-03-28 11:12:22,013 INFO Parsed 14400000 reads
2019-03-28 11:12:24,260 INFO Parsed 14500000 reads
2019-03-28 11:12:26,455 INFO Parsed 14600000 reads
2019-03-28 11:12:28,680 INFO Parsed 14700000 reads
2019-03-28 11:12:30,880 INFO Parsed 14800000 reads
2019-03-28 11:12:33,095 INFO Parsed 14900000 reads
2019-03-28 11:12:35,333 INFO Parsed 15000000 reads
2019-03-28 11:12:37,543 INFO Parsed 15100000 reads
2019-03-28 11:12:39,703 INFO Parsed 15200000 reads
2019-03-28 11:12:41,891 INFO Parsed 15300000 reads
2019-03-28 11:12:44,103 INFO Parsed 15400000 reads
2019-03-28 11:12:46,309 INFO Parsed 15500000 reads
2019-03-28 11:12:48,474 INFO Parsed 15600000 reads
2019-03-28 11:12:50,635 INFO Parsed 15700000 reads
2019-03-28 11:12:52,850 INFO Parsed 15800000 reads
2019-03-28 11:12:55,104 INFO Parsed 15900000 reads
2019-03-28 11:12:57,362 INFO Parsed 16000000 reads
2019-03-28 11:12:59,581 INFO Parsed 16100000 reads
2019-03-28 11:13:01,739 INFO Parsed 16200000 reads
2019-03-28 11:13:03,864 INFO Parsed 16300000 reads
2019-03-28 11:13:06,071 INFO Parsed 16400000 reads
2019-03-28 11:13:08,311 INFO Parsed 16500000 reads
2019-03-28 11:13:10,519 INFO Parsed 16600000 reads
2019-03-28 11:13:12,773 INFO Parsed 16700000 reads
2019-03-28 11:13:15,041 INFO Parsed 16800000 reads
2019-03-28 11:13:17,235 INFO Parsed 16900000 reads
2019-03-28 11:13:19,414 INFO Parsed 17000000 reads
2019-03-28 11:13:21,659 INFO Parsed 17100000 reads
2019-03-28 11:13:23,880 INFO Parsed 17200000 reads
2019-03-28 11:13:26,113 INFO Parsed 17300000 reads
2019-03-28 11:13:28,342 INFO Parsed 17400000 reads
2019-03-28 11:13:30,516 INFO Parsed 17500000 reads
2019-03-28 11:13:32,713 INFO Parsed 17600000 reads
2019-03-28 11:13:34,966 INFO Parsed 17700000 reads
2019-03-28 11:13:37,183 INFO Parsed 17800000 reads
2019-03-28 11:13:39,407 INFO Parsed 17900000 reads
2019-03-28 11:13:41,547 INFO Parsed 18000000 reads
2019-03-28 11:13:43,741 INFO Parsed 18100000 reads
2019-03-28 11:13:45,946 INFO Parsed 18200000 reads
2019-03-28 11:13:48,175 INFO Parsed 18300000 reads
2019-03-28 11:13:50,405 INFO Parsed 18400000 reads
2019-03-28 11:13:52,640 INFO Parsed 18500000 reads
2019-03-28 11:13:54,868 INFO Parsed 18600000 reads
2019-03-28 11:13:56,992 INFO Parsed 18700000 reads
2019-03-28 11:13:59,168 INFO Parsed 18800000 reads
2019-03-28 11:14:01,335 INFO Parsed 18900000 reads
2019-03-28 11:14:03,533 INFO Parsed 19000000 reads
2019-03-28 11:14:05,714 INFO Parsed 19100000 reads
2019-03-28 11:14:07,940 INFO Parsed 19200000 reads
2019-03-28 11:14:10,165 INFO Parsed 19300000 reads
2019-03-28 11:14:12,382 INFO Parsed 19400000 reads
2019-03-28 11:14:14,706 INFO Parsed 19500000 reads
2019-03-28 11:14:16,973 INFO Parsed 19600000 reads
2019-03-28 11:14:19,192 INFO Parsed 19700000 reads
2019-03-28 11:14:21,372 INFO Parsed 19800000 reads
2019-03-28 11:14:23,579 INFO Parsed 19900000 reads
2019-03-28 11:14:25,780 INFO Parsed 20000000 reads
2019-03-28 11:14:28,032 INFO Parsed 20100000 reads
2019-03-28 11:14:30,220 INFO Parsed 20200000 reads
2019-03-28 11:14:32,437 INFO Parsed 20300000 reads
2019-03-28 11:14:34,674 INFO Parsed 20400000 reads
2019-03-28 11:14:36,948 INFO Parsed 20500000 reads
2019-03-28 11:14:39,178 INFO Parsed 20600000 reads
2019-03-28 11:14:41,363 INFO Parsed 20700000 reads
2019-03-28 11:14:43,532 INFO Parsed 20800000 reads
2019-03-28 11:14:45,699 INFO Parsed 20900000 reads
2019-03-28 11:14:47,901 INFO Parsed 21000000 reads
2019-03-28 11:14:50,112 INFO Parsed 21100000 reads
2019-03-28 11:14:52,321 INFO Parsed 21200000 reads
2019-03-28 11:14:54,479 INFO Parsed 21300000 reads
2019-03-28 11:14:56,669 INFO Parsed 21400000 reads
2019-03-28 11:14:58,842 INFO Parsed 21500000 reads
2019-03-28 11:15:01,068 INFO Parsed 21600000 reads
2019-03-28 11:15:03,261 INFO Parsed 21700000 reads
2019-03-28 11:15:05,425 INFO Parsed 21800000 reads
2019-03-28 11:15:07,719 INFO Parsed 21900000 reads
2019-03-28 11:15:09,921 INFO Parsed 22000000 reads
2019-03-28 11:15:12,160 INFO Parsed 22100000 reads
2019-03-28 11:15:14,389 INFO Parsed 22200000 reads
2019-03-28 11:15:16,637 INFO Parsed 22300000 reads
2019-03-28 11:15:18,854 INFO Parsed 22400000 reads
2019-03-28 11:15:21,075 INFO Parsed 22500000 reads
2019-03-28 11:15:23,252 INFO Parsed 22600000 reads
2019-03-28 11:15:25,427 INFO Parsed 22700000 reads
2019-03-28 11:15:27,609 INFO Parsed 22800000 reads
2019-03-28 11:15:29,006 INFO Input Reads: 22862886
2019-03-28 11:15:29,006 INFO Reads output: 22862886
# job finished in 505 seconds at Thu Mar 28 11:15:29 2019 -- 504.62  2.70  0.00  0.00 -- 0d325b82-d80c-42f0-862e-d0116eda5317
# output generated by extract --stdin=/home/garner1/Work/dataset/cutseq/XZ169BICRO152/indata/r1_0.fq.gz --bc-pattern=NNNNNNNNXXXXXXXX --log=processed.log --stdout /home/garner1/Work/dataset/cutseq/XZ169BICRO152/indata/processed.fastq.gz
# job started at Thu Mar 28 11:26:42 2019 on P920 -- eb3f3e19-b502-4332-97e4-fbc9bb353195
# pid: 9346, system: Linux 4.15.0-46-generic #49-Ubuntu SMP Wed Feb 6 09:33:07 UTC 2019 x86_64
# blacklist                               : None
# compresslevel                           : 6
# error_correct_cell                      : False
# extract_method                          : string
# filter_cell_barcode                     : None
# filter_cell_barcodes                    : False
# log2stderr                              : False
# loglevel                                : 1
# pattern                                 : NNNNNNNNXXXXXXXX
# pattern2                                : None
# prime3                                  : None
# quality_encoding                        : None
# quality_filter_mask                     : None
# quality_filter_threshold                : None
# random_seed                             : None
# read2_in                                : None
# read2_out                               : False
# read2_stdout                            : False
# reads_subset                            : None
# reconcile                               : False
# retain_umi                              : None
# short_help                              : None
# stderr                                  : <_io.TextIOWrapper name='<stderr>' mode='w' encoding='UTF-8'>
# stdin                                   : <_io.TextIOWrapper name='/home/garner1/Work/dataset/cutseq/XZ169BICRO152/indata/r1_0.fq.gz' encoding='ascii'>
# stdlog                                  : <_io.TextIOWrapper name='processed.log' mode='a' encoding='UTF-8'>
# stdout                                  : <_io.TextIOWrapper name='/home/garner1/Work/dataset/cutseq/XZ169BICRO152/indata/processed.fastq.gz' encoding='ascii'>
# timeit_file                             : None
# timeit_header                           : None
# timeit_name                             : all
# whitelist                               : None
2019-03-28 11:26:42,648 INFO Starting barcode extraction
2019-03-28 11:26:44,856 INFO Parsed 100000 reads
2019-03-28 11:26:47,100 INFO Parsed 200000 reads
2019-03-28 11:26:49,303 INFO Parsed 300000 reads
2019-03-28 11:26:51,504 INFO Parsed 400000 reads
2019-03-28 11:26:53,761 INFO Parsed 500000 reads
2019-03-28 11:26:55,988 INFO Parsed 600000 reads
2019-03-28 11:26:58,297 INFO Parsed 700000 reads
2019-03-28 11:27:00,493 INFO Parsed 800000 reads
2019-03-28 11:27:02,682 INFO Parsed 900000 reads
2019-03-28 11:27:04,893 INFO Parsed 1000000 reads
2019-03-28 11:27:07,132 INFO Parsed 1100000 reads
2019-03-28 11:27:09,390 INFO Parsed 1200000 reads
2019-03-28 11:27:11,603 INFO Parsed 1300000 reads
2019-03-28 11:27:13,773 INFO Parsed 1400000 reads
2019-03-28 11:27:16,010 INFO Parsed 1500000 reads
2019-03-28 11:27:18,203 INFO Parsed 1600000 reads
2019-03-28 11:27:20,415 INFO Parsed 1700000 reads
2019-03-28 11:27:22,607 INFO Parsed 1800000 reads
2019-03-28 11:27:24,815 INFO Parsed 1900000 reads
2019-03-28 11:27:27,082 INFO Parsed 2000000 reads
2019-03-28 11:27:29,313 INFO Parsed 2100000 reads
2019-03-28 11:27:31,512 INFO Parsed 2200000 reads
2019-03-28 11:27:33,713 INFO Parsed 2300000 reads
2019-03-28 11:27:35,957 INFO Parsed 2400000 reads
2019-03-28 11:27:38,186 INFO Parsed 2500000 reads
2019-03-28 11:27:40,372 INFO Parsed 2600000 reads
2019-03-28 11:27:42,562 INFO Parsed 2700000 reads
2019-03-28 11:27:44,751 INFO Parsed 2800000 reads
2019-03-28 11:27:46,930 INFO Parsed 2900000 reads
2019-03-28 11:27:49,089 INFO Parsed 3000000 reads
2019-03-28 11:27:51,267 INFO Parsed 3100000 reads
2019-03-28 11:27:53,480 INFO Parsed 3200000 reads
2019-03-28 11:27:55,667 INFO Parsed 3300000 reads
2019-03-28 11:27:57,917 INFO Parsed 3400000 reads
2019-03-28 11:28:00,112 INFO Parsed 3500000 reads
2019-03-28 11:28:02,232 INFO Parsed 3600000 reads
2019-03-28 11:28:04,436 INFO Parsed 3700000 reads
2019-03-28 11:28:06,636 INFO Parsed 3800000 reads
2019-03-28 11:28:08,836 INFO Parsed 3900000 reads
2019-03-28 11:28:11,028 INFO Parsed 4000000 reads
2019-03-28 11:28:13,219 INFO Parsed 4100000 reads
2019-03-28 11:28:15,449 INFO Parsed 4200000 reads
2019-03-28 11:28:17,707 INFO Parsed 4300000 reads
2019-03-28 11:28:19,904 INFO Parsed 4400000 reads
2019-03-28 11:28:22,117 INFO Parsed 4500000 reads
2019-03-28 11:28:24,334 INFO Parsed 4600000 reads
2019-03-28 11:28:26,518 INFO Parsed 4700000 reads
2019-03-28 11:28:28,740 INFO Parsed 4800000 reads
2019-03-28 11:28:30,987 INFO Parsed 4900000 reads
2019-03-28 11:28:33,205 INFO Parsed 5000000 reads
2019-03-28 11:28:35,389 INFO Parsed 5100000 reads
2019-03-28 11:28:37,565 INFO Parsed 5200000 reads
2019-03-28 11:28:39,764 INFO Parsed 5300000 reads
2019-03-28 11:28:42,000 INFO Parsed 5400000 reads
2019-03-28 11:28:44,223 INFO Parsed 5500000 reads
2019-03-28 11:28:46,424 INFO Parsed 5600000 reads
2019-03-28 11:28:48,606 INFO Parsed 5700000 reads
2019-03-28 11:28:50,809 INFO Parsed 5800000 reads
2019-03-28 11:28:52,975 INFO Parsed 5900000 reads
2019-03-28 11:28:55,174 INFO Parsed 6000000 reads
2019-03-28 11:28:57,380 INFO Parsed 6100000 reads
2019-03-28 11:28:59,571 INFO Parsed 6200000 reads
2019-03-28 11:29:01,807 INFO Parsed 6300000 reads
2019-03-28 11:29:04,049 INFO Parsed 6400000 reads
2019-03-28 11:29:06,287 INFO Parsed 6500000 reads
2019-03-28 11:29:08,505 INFO Parsed 6600000 reads
2019-03-28 11:29:10,707 INFO Parsed 6700000 reads
2019-03-28 11:29:12,922 INFO Parsed 6800000 reads
2019-03-28 11:29:15,164 INFO Parsed 6900000 reads
2019-03-28 11:29:17,403 INFO Parsed 7000000 reads
2019-03-28 11:29:19,672 INFO Parsed 7100000 reads
2019-03-28 11:29:21,908 INFO Parsed 7200000 reads
2019-03-28 11:29:24,093 INFO Parsed 7300000 reads
2019-03-28 11:29:26,318 INFO Parsed 7400000 reads
2019-03-28 11:29:28,484 INFO Parsed 7500000 reads
2019-03-28 11:29:30,697 INFO Parsed 7600000 reads
2019-03-28 11:29:32,885 INFO Parsed 7700000 reads
2019-03-28 11:29:35,094 INFO Parsed 7800000 reads
2019-03-28 11:29:37,295 INFO Parsed 7900000 reads
2019-03-28 11:29:39,477 INFO Parsed 8000000 reads
2019-03-28 11:29:41,664 INFO Parsed 8100000 reads
2019-03-28 11:29:43,838 INFO Parsed 8200000 reads
2019-03-28 11:29:46,070 INFO Parsed 8300000 reads
2019-03-28 11:29:48,252 INFO Parsed 8400000 reads
2019-03-28 11:29:50,438 INFO Parsed 8500000 reads
2019-03-28 11:29:52,651 INFO Parsed 8600000 reads
2019-03-28 11:29:54,833 INFO Parsed 8700000 reads
2019-03-28 11:29:57,020 INFO Parsed 8800000 reads
2019-03-28 11:29:59,223 INFO Parsed 8900000 reads
2019-03-28 11:30:01,444 INFO Parsed 9000000 reads
2019-03-28 11:30:03,642 INFO Parsed 9100000 reads
2019-03-28 11:30:05,904 INFO Parsed 9200000 reads
2019-03-28 11:30:08,158 INFO Parsed 9300000 reads
2019-03-28 11:30:10,389 INFO Parsed 9400000 reads
2019-03-28 11:30:12,647 INFO Parsed 9500000 reads
2019-03-28 11:30:14,929 INFO Parsed 9600000 reads
2019-03-28 11:30:17,274 INFO Parsed 9700000 reads
2019-03-28 11:30:19,531 INFO Parsed 9800000 reads
2019-03-28 11:30:21,742 INFO Parsed 9900000 reads
2019-03-28 11:30:24,014 INFO Parsed 10000000 reads
2019-03-28 11:30:26,231 INFO Parsed 10100000 reads
2019-03-28 11:30:28,451 INFO Parsed 10200000 reads
2019-03-28 11:30:30,690 INFO Parsed 10300000 reads
2019-03-28 11:30:32,987 INFO Parsed 10400000 reads
2019-03-28 11:30:35,214 INFO Parsed 10500000 reads
2019-03-28 11:30:37,429 INFO Parsed 10600000 reads
2019-03-28 11:30:39,616 INFO Parsed 10700000 reads
2019-03-28 11:30:41,813 INFO Parsed 10800000 reads
2019-03-28 11:30:44,013 INFO Parsed 10900000 reads
2019-03-28 11:30:46,245 INFO Parsed 11000000 reads
2019-03-28 11:30:48,516 INFO Parsed 11100000 reads
2019-03-28 11:30:50,767 INFO Parsed 11200000 reads
2019-03-28 11:30:52,958 INFO Parsed 11300000 reads
2019-03-28 11:30:55,101 INFO Parsed 11400000 reads
2019-03-28 11:30:57,455 INFO Parsed 11500000 reads
2019-03-28 11:30:59,693 INFO Parsed 11600000 reads
2019-03-28 11:31:01,913 INFO Parsed 11700000 reads
2019-03-28 11:31:04,087 INFO Parsed 11800000 reads
2019-03-28 11:31:06,289 INFO Parsed 11900000 reads
2019-03-28 11:31:08,584 INFO Parsed 12000000 reads
2019-03-28 11:31:10,782 INFO Parsed 12100000 reads
2019-03-28 11:31:12,958 INFO Parsed 12200000 reads
2019-03-28 11:31:15,159 INFO Parsed 12300000 reads
2019-03-28 11:31:17,360 INFO Parsed 12400000 reads
2019-03-28 11:31:19,523 INFO Parsed 12500000 reads
2019-03-28 11:31:21,714 INFO Parsed 12600000 reads
2019-03-28 11:31:23,948 INFO Parsed 12700000 reads
2019-03-28 11:31:26,207 INFO Parsed 12800000 reads
2019-03-28 11:31:28,403 INFO Parsed 12900000 reads
2019-03-28 11:31:30,583 INFO Parsed 13000000 reads
2019-03-28 11:31:32,854 INFO Parsed 13100000 reads
2019-03-28 11:31:35,109 INFO Parsed 13200000 reads
2019-03-28 11:31:37,333 INFO Parsed 13300000 reads
2019-03-28 11:31:39,636 INFO Parsed 13400000 reads
2019-03-28 11:31:41,877 INFO Parsed 13500000 reads
2019-03-28 11:31:44,054 INFO Parsed 13600000 reads
2019-03-28 11:31:46,305 INFO Parsed 13700000 reads
2019-03-28 11:31:48,532 INFO Parsed 13800000 reads
2019-03-28 11:31:50,764 INFO Parsed 13900000 reads
2019-03-28 11:31:52,968 INFO Parsed 14000000 reads
2019-03-28 11:31:55,188 INFO Parsed 14100000 reads
2019-03-28 11:31:57,454 INFO Parsed 14200000 reads
2019-03-28 11:31:59,676 INFO Parsed 14300000 reads
2019-03-28 11:32:01,859 INFO Parsed 14400000 reads
2019-03-28 11:32:04,067 INFO Parsed 14500000 reads
2019-03-28 11:32:06,299 INFO Parsed 14600000 reads
2019-03-28 11:32:08,525 INFO Parsed 14700000 reads
2019-03-28 11:32:10,755 INFO Parsed 14800000 reads
2019-03-28 11:32:12,955 INFO Parsed 14900000 reads
2019-03-28 11:32:15,122 INFO Parsed 15000000 reads
2019-03-28 11:32:17,291 INFO Parsed 15100000 reads
2019-03-28 11:32:19,486 INFO Parsed 15200000 reads
2019-03-28 11:32:21,670 INFO Parsed 15300000 reads
2019-03-28 11:32:23,928 INFO Parsed 15400000 reads
2019-03-28 11:32:26,193 INFO Parsed 15500000 reads
2019-03-28 11:32:28,556 INFO Parsed 15600000 reads
2019-03-28 11:32:30,821 INFO Parsed 15700000 reads
2019-03-28 11:32:33,018 INFO Parsed 15800000 reads
2019-03-28 11:32:35,248 INFO Parsed 15900000 reads
2019-03-28 11:32:37,522 INFO Parsed 16000000 reads
2019-03-28 11:32:39,756 INFO Parsed 16100000 reads
2019-03-28 11:32:41,969 INFO Parsed 16200000 reads
2019-03-28 11:32:44,252 INFO Parsed 16300000 reads
2019-03-28 11:32:46,518 INFO Parsed 16400000 reads
2019-03-28 11:32:48,773 INFO Parsed 16500000 reads
2019-03-28 11:32:50,948 INFO Parsed 16600000 reads
2019-03-28 11:32:53,161 INFO Parsed 16700000 reads
2019-03-28 11:32:55,385 INFO Parsed 16800000 reads
2019-03-28 11:32:57,623 INFO Parsed 16900000 reads
2019-03-28 11:32:59,799 INFO Parsed 17000000 reads
2019-03-28 11:33:01,995 INFO Parsed 17100000 reads
2019-03-28 11:33:04,186 INFO Parsed 17200000 reads
2019-03-28 11:33:06,424 INFO Parsed 17300000 reads
2019-03-28 11:33:08,591 INFO Parsed 17400000 reads
2019-03-28 11:33:10,841 INFO Parsed 17500000 reads
2019-03-28 11:33:13,017 INFO Parsed 17600000 reads
2019-03-28 11:33:15,227 INFO Parsed 17700000 reads
2019-03-28 11:33:17,471 INFO Parsed 17800000 reads
2019-03-28 11:33:19,690 INFO Parsed 17900000 reads
2019-03-28 11:33:21,890 INFO Parsed 18000000 reads
2019-03-28 11:33:24,080 INFO Parsed 18100000 reads
2019-03-28 11:33:26,289 INFO Parsed 18200000 reads
2019-03-28 11:33:27,313 INFO Input Reads: 18246252
2019-03-28 11:33:27,313 INFO Reads output: 18246252
# job finished in 404 seconds at Thu Mar 28 11:33:27 2019 -- 403.86  2.64  0.00  0.00 -- eb3f3e19-b502-4332-97e4-fbc9bb353195
# output generated by extract --stdin=/home/garner1/Work/dataset/cutseq/XZ170BICRO152/indata/r1_0.fq.gz --bc-pattern=NNNNNNNNXXXXXXXX --log=processed.log --stdout /home/garner1/Work/dataset/cutseq/XZ170BICRO152/indata/processed.fastq.gz
# job started at Thu Mar 28 11:42:46 2019 on P920 -- 0e66f2e0-5f5d-4909-a035-c3d20a03e005
# pid: 22429, system: Linux 4.15.0-46-generic #49-Ubuntu SMP Wed Feb 6 09:33:07 UTC 2019 x86_64
# blacklist                               : None
# compresslevel                           : 6
# error_correct_cell                      : False
# extract_method                          : string
# filter_cell_barcode                     : None
# filter_cell_barcodes                    : False
# log2stderr                              : False
# loglevel                                : 1
# pattern                                 : NNNNNNNNXXXXXXXX
# pattern2                                : None
# prime3                                  : None
# quality_encoding                        : None
# quality_filter_mask                     : None
# quality_filter_threshold                : None
# random_seed                             : None
# read2_in                                : None
# read2_out                               : False
# read2_stdout                            : False
# reads_subset                            : None
# reconcile                               : False
# retain_umi                              : None
# short_help                              : None
# stderr                                  : <_io.TextIOWrapper name='<stderr>' mode='w' encoding='UTF-8'>
# stdin                                   : <_io.TextIOWrapper name='/home/garner1/Work/dataset/cutseq/XZ170BICRO152/indata/r1_0.fq.gz' encoding='ascii'>
# stdlog                                  : <_io.TextIOWrapper name='processed.log' mode='a' encoding='UTF-8'>
# stdout                                  : <_io.TextIOWrapper name='/home/garner1/Work/dataset/cutseq/XZ170BICRO152/indata/processed.fastq.gz' encoding='ascii'>
# timeit_file                             : None
# timeit_header                           : None
# timeit_name                             : all
# whitelist                               : None
2019-03-28 11:42:46,340 INFO Starting barcode extraction
2019-03-28 11:42:48,542 INFO Parsed 100000 reads
2019-03-28 11:42:50,758 INFO Parsed 200000 reads
2019-03-28 11:42:52,992 INFO Parsed 300000 reads
2019-03-28 11:42:55,231 INFO Parsed 400000 reads
2019-03-28 11:42:57,543 INFO Parsed 500000 reads
2019-03-28 11:42:59,791 INFO Parsed 600000 reads
2019-03-28 11:43:02,039 INFO Parsed 700000 reads
2019-03-28 11:43:04,284 INFO Parsed 800000 reads
2019-03-28 11:43:06,494 INFO Parsed 900000 reads
2019-03-28 11:43:08,741 INFO Parsed 1000000 reads
2019-03-28 11:43:11,056 INFO Parsed 1100000 reads
2019-03-28 11:43:13,289 INFO Parsed 1200000 reads
2019-03-28 11:43:15,470 INFO Parsed 1300000 reads
2019-03-28 11:43:17,695 INFO Parsed 1400000 reads
2019-03-28 11:43:19,874 INFO Parsed 1500000 reads
2019-03-28 11:43:22,100 INFO Parsed 1600000 reads
2019-03-28 11:43:24,328 INFO Parsed 1700000 reads
2019-03-28 11:43:26,563 INFO Parsed 1800000 reads
2019-03-28 11:43:28,792 INFO Parsed 1900000 reads
2019-03-28 11:43:31,032 INFO Parsed 2000000 reads
2019-03-28 11:43:33,232 INFO Parsed 2100000 reads
2019-03-28 11:43:35,435 INFO Parsed 2200000 reads
2019-03-28 11:43:37,674 INFO Parsed 2300000 reads
2019-03-28 11:43:39,878 INFO Parsed 2400000 reads
2019-03-28 11:43:42,111 INFO Parsed 2500000 reads
2019-03-28 11:43:44,303 INFO Parsed 2600000 reads
2019-03-28 11:43:46,528 INFO Parsed 2700000 reads
2019-03-28 11:43:48,733 INFO Parsed 2800000 reads
2019-03-28 11:43:50,923 INFO Parsed 2900000 reads
2019-03-28 11:43:53,107 INFO Parsed 3000000 reads
2019-03-28 11:43:55,318 INFO Parsed 3100000 reads
2019-03-28 11:43:57,594 INFO Parsed 3200000 reads
2019-03-28 11:43:59,829 INFO Parsed 3300000 reads
2019-03-28 11:44:02,038 INFO Parsed 3400000 reads
2019-03-28 11:44:04,249 INFO Parsed 3500000 reads
2019-03-28 11:44:06,501 INFO Parsed 3600000 reads
2019-03-28 11:44:08,752 INFO Parsed 3700000 reads
2019-03-28 11:44:10,980 INFO Parsed 3800000 reads
2019-03-28 11:44:13,202 INFO Parsed 3900000 reads
2019-03-28 11:44:15,430 INFO Parsed 4000000 reads
2019-03-28 11:44:17,644 INFO Parsed 4100000 reads
2019-03-28 11:44:19,897 INFO Parsed 4200000 reads
2019-03-28 11:44:22,112 INFO Parsed 4300000 reads
2019-03-28 11:44:24,326 INFO Parsed 4400000 reads
2019-03-28 11:44:26,562 INFO Parsed 4500000 reads
2019-03-28 11:44:28,795 INFO Parsed 4600000 reads
2019-03-28 11:44:30,999 INFO Parsed 4700000 reads
2019-03-28 11:44:33,192 INFO Parsed 4800000 reads
2019-03-28 11:44:35,410 INFO Parsed 4900000 reads
2019-03-28 11:44:37,644 INFO Parsed 5000000 reads
2019-03-28 11:44:39,946 INFO Parsed 5100000 reads
2019-03-28 11:44:42,173 INFO Parsed 5200000 reads
2019-03-28 11:44:44,368 INFO Parsed 5300000 reads
2019-03-28 11:44:46,577 INFO Parsed 5400000 reads
2019-03-28 11:44:48,788 INFO Parsed 5500000 reads
2019-03-28 11:44:51,001 INFO Parsed 5600000 reads
2019-03-28 11:44:53,200 INFO Parsed 5700000 reads
2019-03-28 11:44:55,380 INFO Parsed 5800000 reads
2019-03-28 11:44:57,618 INFO Parsed 5900000 reads
2019-03-28 11:44:59,847 INFO Parsed 6000000 reads
2019-03-28 11:45:02,108 INFO Parsed 6100000 reads
2019-03-28 11:45:04,332 INFO Parsed 6200000 reads
2019-03-28 11:45:06,542 INFO Parsed 6300000 reads
2019-03-28 11:45:08,796 INFO Parsed 6400000 reads
2019-03-28 11:45:11,013 INFO Parsed 6500000 reads
2019-03-28 11:45:13,217 INFO Parsed 6600000 reads
2019-03-28 11:45:15,460 INFO Parsed 6700000 reads
2019-03-28 11:45:17,699 INFO Parsed 6800000 reads
2019-03-28 11:45:19,906 INFO Parsed 6900000 reads
2019-03-28 11:45:22,146 INFO Parsed 7000000 reads
2019-03-28 11:45:24,344 INFO Parsed 7100000 reads
2019-03-28 11:45:26,565 INFO Parsed 7200000 reads
2019-03-28 11:45:28,771 INFO Parsed 7300000 reads
2019-03-28 11:45:30,990 INFO Parsed 7400000 reads
2019-03-28 11:45:33,190 INFO Parsed 7500000 reads
2019-03-28 11:45:35,392 INFO Parsed 7600000 reads
2019-03-28 11:45:37,583 INFO Parsed 7700000 reads
2019-03-28 11:45:39,803 INFO Parsed 7800000 reads
2019-03-28 11:45:41,984 INFO Parsed 7900000 reads
2019-03-28 11:45:44,213 INFO Parsed 8000000 reads
2019-03-28 11:45:46,431 INFO Parsed 8100000 reads
2019-03-28 11:45:48,621 INFO Parsed 8200000 reads
2019-03-28 11:45:50,889 INFO Parsed 8300000 reads
2019-03-28 11:45:53,186 INFO Parsed 8400000 reads
2019-03-28 11:45:55,373 INFO Parsed 8500000 reads
2019-03-28 11:45:57,623 INFO Parsed 8600000 reads
2019-03-28 11:45:59,862 INFO Parsed 8700000 reads
2019-03-28 11:46:02,130 INFO Parsed 8800000 reads
2019-03-28 11:46:04,446 INFO Parsed 8900000 reads
2019-03-28 11:46:06,763 INFO Parsed 9000000 reads
2019-03-28 11:46:09,111 INFO Parsed 9100000 reads
2019-03-28 11:46:11,331 INFO Parsed 9200000 reads
2019-03-28 11:46:13,563 INFO Parsed 9300000 reads
2019-03-28 11:46:15,807 INFO Parsed 9400000 reads
2019-03-28 11:46:18,064 INFO Parsed 9500000 reads
2019-03-28 11:46:20,297 INFO Parsed 9600000 reads
2019-03-28 11:46:22,546 INFO Parsed 9700000 reads
2019-03-28 11:46:24,851 INFO Parsed 9800000 reads
2019-03-28 11:46:27,058 INFO Parsed 9900000 reads
2019-03-28 11:46:29,239 INFO Parsed 10000000 reads
2019-03-28 11:46:31,511 INFO Parsed 10100000 reads
2019-03-28 11:46:33,744 INFO Parsed 10200000 reads
2019-03-28 11:46:36,020 INFO Parsed 10300000 reads
2019-03-28 11:46:38,297 INFO Parsed 10400000 reads
2019-03-28 11:46:40,555 INFO Parsed 10500000 reads
2019-03-28 11:46:42,766 INFO Parsed 10600000 reads
2019-03-28 11:46:44,957 INFO Parsed 10700000 reads
2019-03-28 11:46:47,304 INFO Parsed 10800000 reads
2019-03-28 11:46:49,551 INFO Parsed 10900000 reads
2019-03-28 11:46:51,778 INFO Parsed 11000000 reads
2019-03-28 11:46:53,966 INFO Parsed 11100000 reads
2019-03-28 11:46:56,196 INFO Parsed 11200000 reads
2019-03-28 11:46:58,427 INFO Parsed 11300000 reads
2019-03-28 11:47:00,625 INFO Parsed 11400000 reads
2019-03-28 11:47:02,844 INFO Parsed 11500000 reads
2019-03-28 11:47:05,083 INFO Parsed 11600000 reads
2019-03-28 11:47:07,285 INFO Parsed 11700000 reads
2019-03-28 11:47:09,504 INFO Parsed 11800000 reads
2019-03-28 11:47:11,740 INFO Parsed 11900000 reads
2019-03-28 11:47:13,995 INFO Parsed 12000000 reads
2019-03-28 11:47:16,242 INFO Parsed 12100000 reads
2019-03-28 11:47:18,425 INFO Parsed 12200000 reads
2019-03-28 11:47:20,650 INFO Parsed 12300000 reads
2019-03-28 11:47:22,894 INFO Parsed 12400000 reads
2019-03-28 11:47:25,187 INFO Parsed 12500000 reads
2019-03-28 11:47:27,470 INFO Parsed 12600000 reads
2019-03-28 11:47:29,666 INFO Parsed 12700000 reads
2019-03-28 11:47:31,885 INFO Parsed 12800000 reads
2019-03-28 11:47:34,118 INFO Parsed 12900000 reads
2019-03-28 11:47:36,358 INFO Parsed 13000000 reads
2019-03-28 11:47:38,555 INFO Parsed 13100000 reads
2019-03-28 11:47:40,770 INFO Parsed 13200000 reads
2019-03-28 11:47:43,039 INFO Parsed 13300000 reads
2019-03-28 11:47:45,291 INFO Parsed 13400000 reads
2019-03-28 11:47:47,474 INFO Parsed 13500000 reads
2019-03-28 11:47:49,712 INFO Parsed 13600000 reads
2019-03-28 11:47:51,980 INFO Parsed 13700000 reads
2019-03-28 11:47:54,274 INFO Parsed 13800000 reads
2019-03-28 11:47:56,552 INFO Parsed 13900000 reads
2019-03-28 11:47:58,730 INFO Parsed 14000000 reads
2019-03-28 11:48:00,931 INFO Parsed 14100000 reads
2019-03-28 11:48:03,123 INFO Parsed 14200000 reads
2019-03-28 11:48:05,317 INFO Parsed 14300000 reads
2019-03-28 11:48:07,607 INFO Parsed 14400000 reads
2019-03-28 11:48:09,831 INFO Parsed 14500000 reads
2019-03-28 11:48:12,088 INFO Parsed 14600000 reads
2019-03-28 11:48:14,402 INFO Parsed 14700000 reads
2019-03-28 11:48:16,620 INFO Parsed 14800000 reads
2019-03-28 11:48:18,880 INFO Parsed 14900000 reads
2019-03-28 11:48:21,127 INFO Parsed 15000000 reads
2019-03-28 11:48:23,381 INFO Parsed 15100000 reads
2019-03-28 11:48:25,604 INFO Parsed 15200000 reads
2019-03-28 11:48:27,944 INFO Parsed 15300000 reads
2019-03-28 11:48:30,221 INFO Parsed 15400000 reads
2019-03-28 11:48:32,473 INFO Parsed 15500000 reads
2019-03-28 11:48:34,668 INFO Parsed 15600000 reads
2019-03-28 11:48:36,864 INFO Parsed 15700000 reads
2019-03-28 11:48:39,131 INFO Parsed 15800000 reads
2019-03-28 11:48:41,351 INFO Parsed 15900000 reads
2019-03-28 11:48:43,539 INFO Parsed 16000000 reads
2019-03-28 11:48:45,734 INFO Parsed 16100000 reads
2019-03-28 11:48:47,995 INFO Parsed 16200000 reads
2019-03-28 11:48:50,190 INFO Parsed 16300000 reads
2019-03-28 11:48:52,405 INFO Parsed 16400000 reads
2019-03-28 11:48:54,597 INFO Parsed 16500000 reads
2019-03-28 11:48:56,802 INFO Parsed 16600000 reads
2019-03-28 11:48:59,061 INFO Parsed 16700000 reads
2019-03-28 11:49:01,307 INFO Parsed 16800000 reads
2019-03-28 11:49:03,525 INFO Parsed 16900000 reads
2019-03-28 11:49:05,761 INFO Parsed 17000000 reads
2019-03-28 11:49:07,958 INFO Parsed 17100000 reads
2019-03-28 11:49:08,738 INFO Input Reads: 17135324
2019-03-28 11:49:08,738 INFO Reads output: 17135324
# job finished in 382 seconds at Thu Mar 28 11:49:08 2019 -- 381.71  2.35  0.00  0.00 -- 0e66f2e0-5f5d-4909-a035-c3d20a03e005
# output generated by extract --stdin=/home/garner1/Work/dataset/cutseq/XZ176BICRO157/indata/r1_0.fq.gz --bc-pattern=NNNNNNNNXXXXXXXX --log=processed.log --stdout /home/garner1/Work/dataset/cutseq/XZ176BICRO157/indata/processed.fastq.gz
# job started at Fri Mar 29 15:31:29 2019 on P920 -- 91219c51-c327-465d-aba1-7709beea86b3
# pid: 23056, system: Linux 4.15.0-46-generic #49-Ubuntu SMP Wed Feb 6 09:33:07 UTC 2019 x86_64
# blacklist                               : None
# compresslevel                           : 6
# error_correct_cell                      : False
# extract_method                          : string
# filter_cell_barcode                     : None
# filter_cell_barcodes                    : False
# log2stderr                              : False
# loglevel                                : 1
# pattern                                 : NNNNNNNNXXXXXXXX
# pattern2                                : None
# prime3                                  : None
# quality_encoding                        : None
# quality_filter_mask                     : None
# quality_filter_threshold                : None
# random_seed                             : None
# read2_in                                : None
# read2_out                               : False
# read2_stdout                            : False
# reads_subset                            : None
# reconcile                               : False
# retain_umi                              : None
# short_help                              : None
# stderr                                  : <_io.TextIOWrapper name='<stderr>' mode='w' encoding='UTF-8'>
# stdin                                   : <_io.TextIOWrapper name='/home/garner1/Work/dataset/cutseq/XZ176BICRO157/indata/r1_0.fq.gz' encoding='ascii'>
# stdlog                                  : <_io.TextIOWrapper name='processed.log' mode='a' encoding='UTF-8'>
# stdout                                  : <_io.TextIOWrapper name='/home/garner1/Work/dataset/cutseq/XZ176BICRO157/indata/processed.fastq.gz' encoding='ascii'>
# timeit_file                             : None
# timeit_header                           : None
# timeit_name                             : all
# whitelist                               : None
2019-03-29 15:31:29,985 INFO Starting barcode extraction
2019-03-29 15:31:32,112 INFO Parsed 100000 reads
2019-03-29 15:31:34,296 INFO Parsed 200000 reads
2019-03-29 15:31:36,422 INFO Parsed 300000 reads
2019-03-29 15:31:38,555 INFO Parsed 400000 reads
2019-03-29 15:31:40,691 INFO Parsed 500000 reads
2019-03-29 15:31:42,828 INFO Parsed 600000 reads
2019-03-29 15:31:44,965 INFO Parsed 700000 reads
2019-03-29 15:31:47,119 INFO Parsed 800000 reads
2019-03-29 15:31:49,265 INFO Parsed 900000 reads
2019-03-29 15:31:51,416 INFO Parsed 1000000 reads
2019-03-29 15:31:53,551 INFO Parsed 1100000 reads
2019-03-29 15:31:55,695 INFO Parsed 1200000 reads
2019-03-29 15:31:57,837 INFO Parsed 1300000 reads
2019-03-29 15:32:00,008 INFO Parsed 1400000 reads
2019-03-29 15:32:02,213 INFO Parsed 1500000 reads
2019-03-29 15:32:04,407 INFO Parsed 1600000 reads
2019-03-29 15:32:06,559 INFO Parsed 1700000 reads
2019-03-29 15:32:08,701 INFO Parsed 1800000 reads
2019-03-29 15:32:10,845 INFO Parsed 1900000 reads
2019-03-29 15:32:12,983 INFO Parsed 2000000 reads
2019-03-29 15:32:15,124 INFO Parsed 2100000 reads
2019-03-29 15:32:17,260 INFO Parsed 2200000 reads
2019-03-29 15:32:19,397 INFO Parsed 2300000 reads
2019-03-29 15:32:21,539 INFO Parsed 2400000 reads
2019-03-29 15:32:23,689 INFO Parsed 2500000 reads
2019-03-29 15:32:25,837 INFO Parsed 2600000 reads
2019-03-29 15:32:27,969 INFO Parsed 2700000 reads
2019-03-29 15:32:30,111 INFO Parsed 2800000 reads
2019-03-29 15:32:32,253 INFO Parsed 2900000 reads
2019-03-29 15:32:34,389 INFO Parsed 3000000 reads
2019-03-29 15:32:36,518 INFO Parsed 3100000 reads
2019-03-29 15:32:38,638 INFO Parsed 3200000 reads
2019-03-29 15:32:40,785 INFO Parsed 3300000 reads
2019-03-29 15:32:42,925 INFO Parsed 3400000 reads
2019-03-29 15:32:45,074 INFO Parsed 3500000 reads
2019-03-29 15:32:47,214 INFO Parsed 3600000 reads
2019-03-29 15:32:49,353 INFO Parsed 3700000 reads
2019-03-29 15:32:51,487 INFO Parsed 3800000 reads
2019-03-29 15:32:53,623 INFO Parsed 3900000 reads
2019-03-29 15:32:55,756 INFO Parsed 4000000 reads
2019-03-29 15:32:57,969 INFO Parsed 4100000 reads
2019-03-29 15:33:00,163 INFO Parsed 4200000 reads
2019-03-29 15:33:02,335 INFO Parsed 4300000 reads
2019-03-29 15:33:04,509 INFO Parsed 4400000 reads
2019-03-29 15:33:06,680 INFO Parsed 4500000 reads
2019-03-29 15:33:08,851 INFO Parsed 4600000 reads
2019-03-29 15:33:11,050 INFO Parsed 4700000 reads
2019-03-29 15:33:13,201 INFO Parsed 4800000 reads
2019-03-29 15:33:15,345 INFO Parsed 4900000 reads
2019-03-29 15:33:17,479 INFO Parsed 5000000 reads
2019-03-29 15:33:19,637 INFO Parsed 5100000 reads
2019-03-29 15:33:21,902 INFO Parsed 5200000 reads
2019-03-29 15:33:24,046 INFO Parsed 5300000 reads
2019-03-29 15:33:26,182 INFO Parsed 5400000 reads
2019-03-29 15:33:28,361 INFO Parsed 5500000 reads
2019-03-29 15:33:30,509 INFO Parsed 5600000 reads
2019-03-29 15:33:32,649 INFO Parsed 5700000 reads
2019-03-29 15:33:34,783 INFO Parsed 5800000 reads
2019-03-29 15:33:36,910 INFO Parsed 5900000 reads
2019-03-29 15:33:39,046 INFO Parsed 6000000 reads
2019-03-29 15:33:41,188 INFO Parsed 6100000 reads
2019-03-29 15:33:43,310 INFO Parsed 6200000 reads
2019-03-29 15:33:45,445 INFO Parsed 6300000 reads
2019-03-29 15:33:47,565 INFO Parsed 6400000 reads
2019-03-29 15:33:49,689 INFO Parsed 6500000 reads
2019-03-29 15:33:51,831 INFO Parsed 6600000 reads
2019-03-29 15:33:53,984 INFO Parsed 6700000 reads
2019-03-29 15:33:56,117 INFO Parsed 6800000 reads
2019-03-29 15:33:58,273 INFO Parsed 6900000 reads
2019-03-29 15:34:00,407 INFO Parsed 7000000 reads
2019-03-29 15:34:02,536 INFO Parsed 7100000 reads
2019-03-29 15:34:04,675 INFO Parsed 7200000 reads
2019-03-29 15:34:06,818 INFO Parsed 7300000 reads
2019-03-29 15:34:08,967 INFO Parsed 7400000 reads
2019-03-29 15:34:11,120 INFO Parsed 7500000 reads
2019-03-29 15:34:13,260 INFO Parsed 7600000 reads
2019-03-29 15:34:15,402 INFO Parsed 7700000 reads
2019-03-29 15:34:17,545 INFO Parsed 7800000 reads
2019-03-29 15:34:19,698 INFO Parsed 7900000 reads
2019-03-29 15:34:21,839 INFO Parsed 8000000 reads
2019-03-29 15:34:23,977 INFO Parsed 8100000 reads
2019-03-29 15:34:26,113 INFO Parsed 8200000 reads
2019-03-29 15:34:28,252 INFO Parsed 8300000 reads
2019-03-29 15:34:30,447 INFO Parsed 8400000 reads
2019-03-29 15:34:32,585 INFO Parsed 8500000 reads
2019-03-29 15:34:34,735 INFO Parsed 8600000 reads
2019-03-29 15:34:36,875 INFO Parsed 8700000 reads
2019-03-29 15:34:39,015 INFO Parsed 8800000 reads
2019-03-29 15:34:41,151 INFO Parsed 8900000 reads
2019-03-29 15:34:43,279 INFO Parsed 9000000 reads
2019-03-29 15:34:45,406 INFO Parsed 9100000 reads
2019-03-29 15:34:47,534 INFO Parsed 9200000 reads
2019-03-29 15:34:49,666 INFO Parsed 9300000 reads
2019-03-29 15:34:51,793 INFO Parsed 9400000 reads
2019-03-29 15:34:53,919 INFO Parsed 9500000 reads
2019-03-29 15:34:56,050 INFO Parsed 9600000 reads
2019-03-29 15:34:58,184 INFO Parsed 9700000 reads
2019-03-29 15:35:00,317 INFO Parsed 9800000 reads
2019-03-29 15:35:02,448 INFO Parsed 9900000 reads
2019-03-29 15:35:04,584 INFO Parsed 10000000 reads
2019-03-29 15:35:06,713 INFO Parsed 10100000 reads
2019-03-29 15:35:08,852 INFO Parsed 10200000 reads
2019-03-29 15:35:11,077 INFO Parsed 10300000 reads
2019-03-29 15:35:13,251 INFO Parsed 10400000 reads
2019-03-29 15:35:15,425 INFO Parsed 10500000 reads
2019-03-29 15:35:17,613 INFO Parsed 10600000 reads
2019-03-29 15:35:19,793 INFO Parsed 10700000 reads
2019-03-29 15:35:21,965 INFO Parsed 10800000 reads
2019-03-29 15:35:24,137 INFO Parsed 10900000 reads
2019-03-29 15:35:26,307 INFO Parsed 11000000 reads
2019-03-29 15:35:28,502 INFO Parsed 11100000 reads
2019-03-29 15:35:30,647 INFO Parsed 11200000 reads
2019-03-29 15:35:32,799 INFO Parsed 11300000 reads
2019-03-29 15:35:34,932 INFO Parsed 11400000 reads
2019-03-29 15:35:37,067 INFO Parsed 11500000 reads
2019-03-29 15:35:39,233 INFO Parsed 11600000 reads
2019-03-29 15:35:41,379 INFO Parsed 11700000 reads
2019-03-29 15:35:43,510 INFO Parsed 11800000 reads
2019-03-29 15:35:45,650 INFO Parsed 11900000 reads
2019-03-29 15:35:47,785 INFO Parsed 12000000 reads
2019-03-29 15:35:49,918 INFO Parsed 12100000 reads
2019-03-29 15:35:52,042 INFO Parsed 12200000 reads
2019-03-29 15:35:54,168 INFO Parsed 12300000 reads
2019-03-29 15:35:56,295 INFO Parsed 12400000 reads
2019-03-29 15:35:58,422 INFO Parsed 12500000 reads
2019-03-29 15:36:00,552 INFO Parsed 12600000 reads
2019-03-29 15:36:02,689 INFO Parsed 12700000 reads
2019-03-29 15:36:04,819 INFO Parsed 12800000 reads
2019-03-29 15:36:06,948 INFO Parsed 12900000 reads
2019-03-29 15:36:09,085 INFO Parsed 13000000 reads
2019-03-29 15:36:11,220 INFO Parsed 13100000 reads
2019-03-29 15:36:13,359 INFO Parsed 13200000 reads
2019-03-29 15:36:15,509 INFO Parsed 13300000 reads
2019-03-29 15:36:17,649 INFO Parsed 13400000 reads
2019-03-29 15:36:19,787 INFO Parsed 13500000 reads
2019-03-29 15:36:21,927 INFO Parsed 13600000 reads
2019-03-29 15:36:24,069 INFO Parsed 13700000 reads
2019-03-29 15:36:26,220 INFO Parsed 13800000 reads
2019-03-29 15:36:28,359 INFO Parsed 13900000 reads
2019-03-29 15:36:30,504 INFO Parsed 14000000 reads
2019-03-29 15:36:32,670 INFO Parsed 14100000 reads
2019-03-29 15:36:34,825 INFO Parsed 14200000 reads
2019-03-29 15:36:36,969 INFO Parsed 14300000 reads
2019-03-29 15:36:39,108 INFO Parsed 14400000 reads
2019-03-29 15:36:41,250 INFO Parsed 14500000 reads
2019-03-29 15:36:43,422 INFO Parsed 14600000 reads
2019-03-29 15:36:45,624 INFO Parsed 14700000 reads
2019-03-29 15:36:47,808 INFO Parsed 14800000 reads
2019-03-29 15:36:49,941 INFO Parsed 14900000 reads
2019-03-29 15:36:52,074 INFO Parsed 15000000 reads
2019-03-29 15:36:54,198 INFO Parsed 15100000 reads
2019-03-29 15:36:56,317 INFO Parsed 15200000 reads
2019-03-29 15:36:58,439 INFO Parsed 15300000 reads
2019-03-29 15:37:00,569 INFO Parsed 15400000 reads
2019-03-29 15:37:02,701 INFO Parsed 15500000 reads
2019-03-29 15:37:04,852 INFO Parsed 15600000 reads
2019-03-29 15:37:06,988 INFO Parsed 15700000 reads
2019-03-29 15:37:09,150 INFO Parsed 15800000 reads
2019-03-29 15:37:11,321 INFO Parsed 15900000 reads
2019-03-29 15:37:13,485 INFO Parsed 16000000 reads
2019-03-29 15:37:15,652 INFO Parsed 16100000 reads
2019-03-29 15:37:17,820 INFO Parsed 16200000 reads
2019-03-29 15:37:19,992 INFO Parsed 16300000 reads
2019-03-29 15:37:22,147 INFO Parsed 16400000 reads
2019-03-29 15:37:24,291 INFO Parsed 16500000 reads
2019-03-29 15:37:26,432 INFO Parsed 16600000 reads
2019-03-29 15:37:28,576 INFO Parsed 16700000 reads
2019-03-29 15:37:30,726 INFO Parsed 16800000 reads
2019-03-29 15:37:32,867 INFO Parsed 16900000 reads
2019-03-29 15:37:35,054 INFO Parsed 17000000 reads
2019-03-29 15:37:37,197 INFO Parsed 17100000 reads
2019-03-29 15:37:39,344 INFO Parsed 17200000 reads
2019-03-29 15:37:41,495 INFO Parsed 17300000 reads
2019-03-29 15:37:43,683 INFO Parsed 17400000 reads
2019-03-29 15:37:45,840 INFO Parsed 17500000 reads
2019-03-29 15:37:47,984 INFO Parsed 17600000 reads
2019-03-29 15:37:50,145 INFO Parsed 17700000 reads
2019-03-29 15:37:52,279 INFO Parsed 17800000 reads
2019-03-29 15:37:54,412 INFO Parsed 17900000 reads
2019-03-29 15:37:56,545 INFO Parsed 18000000 reads
2019-03-29 15:37:58,673 INFO Parsed 18100000 reads
2019-03-29 15:38:00,866 INFO Parsed 18200000 reads
2019-03-29 15:38:03,042 INFO Parsed 18300000 reads
2019-03-29 15:38:05,184 INFO Parsed 18400000 reads
2019-03-29 15:38:07,317 INFO Parsed 18500000 reads
2019-03-29 15:38:09,484 INFO Parsed 18600000 reads
2019-03-29 15:38:11,621 INFO Parsed 18700000 reads
2019-03-29 15:38:13,761 INFO Parsed 18800000 reads
2019-03-29 15:38:15,894 INFO Parsed 18900000 reads
2019-03-29 15:38:18,020 INFO Parsed 19000000 reads
2019-03-29 15:38:20,146 INFO Parsed 19100000 reads
2019-03-29 15:38:22,301 INFO Parsed 19200000 reads
2019-03-29 15:38:24,447 INFO Parsed 19300000 reads
2019-03-29 15:38:26,589 INFO Parsed 19400000 reads
2019-03-29 15:38:28,725 INFO Parsed 19500000 reads
2019-03-29 15:38:30,871 INFO Parsed 19600000 reads
2019-03-29 15:38:33,017 INFO Parsed 19700000 reads
2019-03-29 15:38:35,172 INFO Parsed 19800000 reads
2019-03-29 15:38:37,319 INFO Parsed 19900000 reads
2019-03-29 15:38:39,461 INFO Parsed 20000000 reads
2019-03-29 15:38:41,597 INFO Parsed 20100000 reads
2019-03-29 15:38:43,738 INFO Parsed 20200000 reads
2019-03-29 15:38:45,881 INFO Parsed 20300000 reads
2019-03-29 15:38:48,023 INFO Parsed 20400000 reads
2019-03-29 15:38:50,165 INFO Parsed 20500000 reads
2019-03-29 15:38:52,304 INFO Parsed 20600000 reads
2019-03-29 15:38:54,506 INFO Parsed 20700000 reads
2019-03-29 15:38:56,639 INFO Parsed 20800000 reads
2019-03-29 15:38:58,788 INFO Parsed 20900000 reads
2019-03-29 15:39:00,916 INFO Parsed 21000000 reads
2019-03-29 15:39:03,039 INFO Parsed 21100000 reads
2019-03-29 15:39:05,163 INFO Parsed 21200000 reads
2019-03-29 15:39:07,314 INFO Parsed 21300000 reads
2019-03-29 15:39:09,449 INFO Parsed 21400000 reads
2019-03-29 15:39:11,605 INFO Parsed 21500000 reads
2019-03-29 15:39:13,736 INFO Parsed 21600000 reads
2019-03-29 15:39:15,872 INFO Parsed 21700000 reads
2019-03-29 15:39:17,998 INFO Parsed 21800000 reads
2019-03-29 15:39:20,131 INFO Parsed 21900000 reads
2019-03-29 15:39:22,264 INFO Parsed 22000000 reads
2019-03-29 15:39:24,394 INFO Parsed 22100000 reads
2019-03-29 15:39:26,542 INFO Parsed 22200000 reads
2019-03-29 15:39:28,676 INFO Parsed 22300000 reads
2019-03-29 15:39:30,813 INFO Parsed 22400000 reads
2019-03-29 15:39:32,955 INFO Parsed 22500000 reads
2019-03-29 15:39:35,096 INFO Parsed 22600000 reads
2019-03-29 15:39:37,231 INFO Parsed 22700000 reads
2019-03-29 15:39:39,367 INFO Parsed 22800000 reads
2019-03-29 15:39:41,506 INFO Parsed 22900000 reads
2019-03-29 15:39:43,645 INFO Parsed 23000000 reads
2019-03-29 15:39:45,784 INFO Parsed 23100000 reads
2019-03-29 15:39:47,917 INFO Parsed 23200000 reads
2019-03-29 15:39:50,051 INFO Parsed 23300000 reads
2019-03-29 15:39:52,184 INFO Parsed 23400000 reads
2019-03-29 15:39:54,318 INFO Parsed 23500000 reads
2019-03-29 15:39:56,453 INFO Parsed 23600000 reads
2019-03-29 15:39:58,586 INFO Parsed 23700000 reads
2019-03-29 15:40:00,719 INFO Parsed 23800000 reads
2019-03-29 15:40:02,852 INFO Parsed 23900000 reads
2019-03-29 15:40:04,976 INFO Parsed 24000000 reads
2019-03-29 15:40:07,099 INFO Parsed 24100000 reads
2019-03-29 15:40:09,238 INFO Parsed 24200000 reads
2019-03-29 15:40:11,364 INFO Parsed 24300000 reads
2019-03-29 15:40:13,503 INFO Parsed 24400000 reads
2019-03-29 15:40:15,662 INFO Parsed 24500000 reads
2019-03-29 15:40:17,793 INFO Parsed 24600000 reads
2019-03-29 15:40:19,933 INFO Parsed 24700000 reads
2019-03-29 15:40:22,087 INFO Parsed 24800000 reads
2019-03-29 15:40:24,234 INFO Parsed 24900000 reads
2019-03-29 15:40:26,385 INFO Parsed 25000000 reads
2019-03-29 15:40:28,518 INFO Parsed 25100000 reads
2019-03-29 15:40:30,654 INFO Parsed 25200000 reads
2019-03-29 15:40:32,825 INFO Parsed 25300000 reads
2019-03-29 15:40:35,013 INFO Parsed 25400000 reads
2019-03-29 15:40:37,180 INFO Parsed 25500000 reads
2019-03-29 15:40:39,362 INFO Parsed 25600000 reads
2019-03-29 15:40:41,507 INFO Parsed 25700000 reads
2019-03-29 15:40:43,663 INFO Parsed 25800000 reads
2019-03-29 15:40:45,840 INFO Parsed 25900000 reads
2019-03-29 15:40:47,976 INFO Parsed 26000000 reads
2019-03-29 15:40:50,113 INFO Parsed 26100000 reads
2019-03-29 15:40:52,255 INFO Parsed 26200000 reads
2019-03-29 15:40:54,394 INFO Parsed 26300000 reads
2019-03-29 15:40:56,535 INFO Parsed 26400000 reads
2019-03-29 15:40:58,669 INFO Parsed 26500000 reads
2019-03-29 15:41:00,836 INFO Parsed 26600000 reads
2019-03-29 15:41:02,968 INFO Parsed 26700000 reads
2019-03-29 15:41:05,100 INFO Parsed 26800000 reads
2019-03-29 15:41:07,232 INFO Parsed 26900000 reads
2019-03-29 15:41:09,370 INFO Parsed 27000000 reads
2019-03-29 15:41:11,494 INFO Parsed 27100000 reads
2019-03-29 15:41:13,616 INFO Parsed 27200000 reads
2019-03-29 15:41:15,737 INFO Parsed 27300000 reads
2019-03-29 15:41:17,922 INFO Parsed 27400000 reads
2019-03-29 15:41:20,087 INFO Parsed 27500000 reads
2019-03-29 15:41:22,251 INFO Parsed 27600000 reads
2019-03-29 15:41:24,382 INFO Parsed 27700000 reads
2019-03-29 15:41:26,518 INFO Parsed 27800000 reads
2019-03-29 15:41:28,651 INFO Parsed 27900000 reads
2019-03-29 15:41:30,788 INFO Parsed 28000000 reads
2019-03-29 15:41:32,911 INFO Parsed 28100000 reads
2019-03-29 15:41:35,040 INFO Parsed 28200000 reads
2019-03-29 15:41:37,174 INFO Parsed 28300000 reads
2019-03-29 15:41:39,321 INFO Parsed 28400000 reads
2019-03-29 15:41:41,465 INFO Parsed 28500000 reads
2019-03-29 15:41:43,600 INFO Parsed 28600000 reads
2019-03-29 15:41:45,737 INFO Parsed 28700000 reads
2019-03-29 15:41:47,885 INFO Parsed 28800000 reads
2019-03-29 15:41:50,027 INFO Parsed 28900000 reads
2019-03-29 15:41:52,177 INFO Parsed 29000000 reads
2019-03-29 15:41:54,340 INFO Parsed 29100000 reads
2019-03-29 15:41:56,490 INFO Parsed 29200000 reads
2019-03-29 15:41:58,620 INFO Parsed 29300000 reads
2019-03-29 15:42:00,755 INFO Parsed 29400000 reads
2019-03-29 15:42:02,897 INFO Parsed 29500000 reads
2019-03-29 15:42:05,038 INFO Parsed 29600000 reads
2019-03-29 15:42:07,170 INFO Parsed 29700000 reads
2019-03-29 15:42:09,306 INFO Parsed 29800000 reads
2019-03-29 15:42:11,486 INFO Parsed 29900000 reads
2019-03-29 15:42:13,617 INFO Parsed 30000000 reads
2019-03-29 15:42:15,748 INFO Parsed 30100000 reads
2019-03-29 15:42:17,906 INFO Parsed 30200000 reads
2019-03-29 15:42:20,097 INFO Parsed 30300000 reads
2019-03-29 15:42:22,281 INFO Parsed 30400000 reads
2019-03-29 15:42:24,439 INFO Parsed 30500000 reads
2019-03-29 15:42:26,599 INFO Parsed 30600000 reads
2019-03-29 15:42:28,826 INFO Parsed 30700000 reads
2019-03-29 15:42:30,956 INFO Parsed 30800000 reads
2019-03-29 15:42:33,081 INFO Parsed 30900000 reads
2019-03-29 15:42:35,209 INFO Parsed 31000000 reads
2019-03-29 15:42:37,340 INFO Parsed 31100000 reads
2019-03-29 15:42:39,473 INFO Parsed 31200000 reads
2019-03-29 15:42:41,605 INFO Parsed 31300000 reads
2019-03-29 15:42:43,739 INFO Parsed 31400000 reads
2019-03-29 15:42:45,871 INFO Parsed 31500000 reads
2019-03-29 15:42:48,003 INFO Parsed 31600000 reads
2019-03-29 15:42:50,146 INFO Parsed 31700000 reads
2019-03-29 15:42:52,279 INFO Parsed 31800000 reads
2019-03-29 15:42:54,410 INFO Parsed 31900000 reads
2019-03-29 15:42:56,557 INFO Parsed 32000000 reads
2019-03-29 15:42:58,697 INFO Parsed 32100000 reads
2019-03-29 15:43:00,841 INFO Parsed 32200000 reads
2019-03-29 15:43:02,980 INFO Parsed 32300000 reads
2019-03-29 15:43:05,116 INFO Parsed 32400000 reads
2019-03-29 15:43:07,247 INFO Parsed 32500000 reads
2019-03-29 15:43:09,423 INFO Parsed 32600000 reads
2019-03-29 15:43:11,565 INFO Parsed 32700000 reads
2019-03-29 15:43:13,696 INFO Parsed 32800000 reads
2019-03-29 15:43:15,829 INFO Parsed 32900000 reads
2019-03-29 15:43:17,962 INFO Parsed 33000000 reads
2019-03-29 15:43:20,093 INFO Parsed 33100000 reads
2019-03-29 15:43:22,222 INFO Parsed 33200000 reads
2019-03-29 15:43:24,348 INFO Parsed 33300000 reads
2019-03-29 15:43:26,491 INFO Parsed 33400000 reads
2019-03-29 15:43:28,623 INFO Parsed 33500000 reads
2019-03-29 15:43:30,758 INFO Parsed 33600000 reads
2019-03-29 15:43:32,888 INFO Parsed 33700000 reads
2019-03-29 15:43:35,023 INFO Parsed 33800000 reads
2019-03-29 15:43:37,155 INFO Parsed 33900000 reads
2019-03-29 15:43:39,293 INFO Parsed 34000000 reads
2019-03-29 15:43:41,420 INFO Parsed 34100000 reads
2019-03-29 15:43:43,552 INFO Parsed 34200000 reads
2019-03-29 15:43:45,684 INFO Parsed 34300000 reads
2019-03-29 15:43:47,820 INFO Parsed 34400000 reads
2019-03-29 15:43:49,963 INFO Parsed 34500000 reads
2019-03-29 15:43:52,098 INFO Parsed 34600000 reads
2019-03-29 15:43:54,233 INFO Parsed 34700000 reads
2019-03-29 15:43:56,372 INFO Parsed 34800000 reads
2019-03-29 15:43:58,511 INFO Parsed 34900000 reads
2019-03-29 15:44:00,650 INFO Parsed 35000000 reads
2019-03-29 15:44:02,784 INFO Parsed 35100000 reads
2019-03-29 15:44:04,916 INFO Parsed 35200000 reads
2019-03-29 15:44:07,049 INFO Parsed 35300000 reads
2019-03-29 15:44:09,189 INFO Parsed 35400000 reads
2019-03-29 15:44:11,374 INFO Parsed 35500000 reads
2019-03-29 15:44:13,540 INFO Parsed 35600000 reads
2019-03-29 15:44:15,705 INFO Parsed 35700000 reads
2019-03-29 15:44:17,867 INFO Parsed 35800000 reads
2019-03-29 15:44:20,025 INFO Parsed 35900000 reads
2019-03-29 15:44:22,186 INFO Parsed 36000000 reads
2019-03-29 15:44:24,349 INFO Parsed 36100000 reads
2019-03-29 15:44:26,505 INFO Parsed 36200000 reads
2019-03-29 15:44:28,637 INFO Parsed 36300000 reads
2019-03-29 15:44:30,772 INFO Parsed 36400000 reads
2019-03-29 15:44:32,933 INFO Parsed 36500000 reads
2019-03-29 15:44:35,103 INFO Parsed 36600000 reads
2019-03-29 15:44:37,273 INFO Parsed 36700000 reads
2019-03-29 15:44:39,440 INFO Parsed 36800000 reads
2019-03-29 15:44:41,605 INFO Parsed 36900000 reads
2019-03-29 15:44:43,767 INFO Parsed 37000000 reads
2019-03-29 15:44:45,925 INFO Parsed 37100000 reads
2019-03-29 15:44:48,090 INFO Parsed 37200000 reads
2019-03-29 15:44:50,243 INFO Parsed 37300000 reads
2019-03-29 15:44:52,399 INFO Parsed 37400000 reads
2019-03-29 15:44:54,570 INFO Parsed 37500000 reads
2019-03-29 15:44:56,735 INFO Parsed 37600000 reads
2019-03-29 15:44:58,899 INFO Parsed 37700000 reads
2019-03-29 15:45:01,072 INFO Parsed 37800000 reads
2019-03-29 15:45:03,240 INFO Parsed 37900000 reads
2019-03-29 15:45:05,404 INFO Parsed 38000000 reads
2019-03-29 15:45:07,581 INFO Parsed 38100000 reads
2019-03-29 15:45:09,745 INFO Parsed 38200000 reads
2019-03-29 15:45:11,909 INFO Parsed 38300000 reads
2019-03-29 15:45:14,062 INFO Parsed 38400000 reads
2019-03-29 15:45:16,184 INFO Parsed 38500000 reads
2019-03-29 15:45:18,310 INFO Parsed 38600000 reads
2019-03-29 15:45:20,489 INFO Parsed 38700000 reads
2019-03-29 15:45:22,622 INFO Parsed 38800000 reads
2019-03-29 15:45:24,802 INFO Parsed 38900000 reads
2019-03-29 15:45:26,985 INFO Parsed 39000000 reads
2019-03-29 15:45:29,115 INFO Parsed 39100000 reads
2019-03-29 15:45:31,277 INFO Parsed 39200000 reads
2019-03-29 15:45:33,405 INFO Parsed 39300000 reads
2019-03-29 15:45:35,537 INFO Parsed 39400000 reads
2019-03-29 15:45:37,701 INFO Parsed 39500000 reads
2019-03-29 15:45:39,872 INFO Parsed 39600000 reads
2019-03-29 15:45:42,049 INFO Parsed 39700000 reads
2019-03-29 15:45:44,217 INFO Parsed 39800000 reads
2019-03-29 15:45:46,389 INFO Parsed 39900000 reads
2019-03-29 15:45:48,558 INFO Parsed 40000000 reads
2019-03-29 15:45:50,732 INFO Parsed 40100000 reads
2019-03-29 15:45:52,890 INFO Parsed 40200000 reads
2019-03-29 15:45:55,046 INFO Parsed 40300000 reads
2019-03-29 15:45:57,210 INFO Parsed 40400000 reads
2019-03-29 15:45:59,378 INFO Parsed 40500000 reads
2019-03-29 15:46:01,552 INFO Parsed 40600000 reads
2019-03-29 15:46:03,721 INFO Parsed 40700000 reads
2019-03-29 15:46:05,890 INFO Parsed 40800000 reads
2019-03-29 15:46:08,065 INFO Parsed 40900000 reads
2019-03-29 15:46:10,242 INFO Parsed 41000000 reads
2019-03-29 15:46:12,416 INFO Parsed 41100000 reads
2019-03-29 15:46:14,588 INFO Parsed 41200000 reads
2019-03-29 15:46:16,757 INFO Parsed 41300000 reads
2019-03-29 15:46:18,928 INFO Parsed 41400000 reads
2019-03-29 15:46:21,082 INFO Parsed 41500000 reads
2019-03-29 15:46:23,200 INFO Parsed 41600000 reads
2019-03-29 15:46:25,324 INFO Parsed 41700000 reads
2019-03-29 15:46:27,453 INFO Parsed 41800000 reads
2019-03-29 15:46:29,582 INFO Parsed 41900000 reads
2019-03-29 15:46:31,719 INFO Parsed 42000000 reads
2019-03-29 15:46:33,904 INFO Parsed 42100000 reads
2019-03-29 15:46:36,075 INFO Parsed 42200000 reads
2019-03-29 15:46:38,241 INFO Parsed 42300000 reads
2019-03-29 15:46:40,449 INFO Parsed 42400000 reads
2019-03-29 15:46:42,588 INFO Parsed 42500000 reads
2019-03-29 15:46:44,756 INFO Parsed 42600000 reads
2019-03-29 15:46:46,934 INFO Parsed 42700000 reads
2019-03-29 15:46:49,134 INFO Parsed 42800000 reads
2019-03-29 15:46:51,301 INFO Parsed 42900000 reads
2019-03-29 15:46:53,464 INFO Parsed 43000000 reads
2019-03-29 15:46:55,627 INFO Parsed 43100000 reads
2019-03-29 15:46:57,806 INFO Parsed 43200000 reads
2019-03-29 15:47:00,036 INFO Parsed 43300000 reads
2019-03-29 15:47:02,230 INFO Parsed 43400000 reads
2019-03-29 15:47:04,422 INFO Parsed 43500000 reads
2019-03-29 15:47:06,625 INFO Parsed 43600000 reads
2019-03-29 15:47:08,840 INFO Parsed 43700000 reads
2019-03-29 15:47:11,048 INFO Parsed 43800000 reads
2019-03-29 15:47:13,271 INFO Parsed 43900000 reads
2019-03-29 15:47:15,497 INFO Parsed 44000000 reads
2019-03-29 15:47:17,669 INFO Parsed 44100000 reads
2019-03-29 15:47:19,844 INFO Parsed 44200000 reads
2019-03-29 15:47:22,023 INFO Parsed 44300000 reads
2019-03-29 15:47:24,197 INFO Parsed 44400000 reads
2019-03-29 15:47:26,361 INFO Parsed 44500000 reads
2019-03-29 15:47:28,511 INFO Parsed 44600000 reads
2019-03-29 15:47:30,640 INFO Parsed 44700000 reads
2019-03-29 15:47:32,766 INFO Parsed 44800000 reads
2019-03-29 15:47:34,920 INFO Parsed 44900000 reads
2019-03-29 15:47:37,049 INFO Parsed 45000000 reads
2019-03-29 15:47:39,207 INFO Parsed 45100000 reads
2019-03-29 15:47:41,334 INFO Parsed 45200000 reads
2019-03-29 15:47:43,472 INFO Parsed 45300000 reads
2019-03-29 15:47:45,602 INFO Parsed 45400000 reads
2019-03-29 15:47:47,733 INFO Parsed 45500000 reads
2019-03-29 15:47:49,867 INFO Parsed 45600000 reads
2019-03-29 15:47:52,022 INFO Parsed 45700000 reads
2019-03-29 15:47:54,182 INFO Parsed 45800000 reads
2019-03-29 15:47:56,334 INFO Parsed 45900000 reads
2019-03-29 15:47:58,486 INFO Parsed 46000000 reads
2019-03-29 15:48:00,650 INFO Parsed 46100000 reads
2019-03-29 15:48:02,812 INFO Parsed 46200000 reads
2019-03-29 15:48:04,958 INFO Parsed 46300000 reads
2019-03-29 15:48:07,104 INFO Parsed 46400000 reads
2019-03-29 15:48:09,255 INFO Parsed 46500000 reads
2019-03-29 15:48:11,414 INFO Parsed 46600000 reads
2019-03-29 15:48:13,574 INFO Parsed 46700000 reads
2019-03-29 15:48:15,730 INFO Parsed 46800000 reads
2019-03-29 15:48:17,886 INFO Parsed 46900000 reads
2019-03-29 15:48:20,046 INFO Parsed 47000000 reads
2019-03-29 15:48:22,219 INFO Parsed 47100000 reads
2019-03-29 15:48:24,393 INFO Parsed 47200000 reads
2019-03-29 15:48:26,550 INFO Parsed 47300000 reads
2019-03-29 15:48:28,705 INFO Parsed 47400000 reads
2019-03-29 15:48:30,867 INFO Parsed 47500000 reads
2019-03-29 15:48:33,029 INFO Parsed 47600000 reads
2019-03-29 15:48:35,158 INFO Parsed 47700000 reads
2019-03-29 15:48:37,284 INFO Parsed 47800000 reads
2019-03-29 15:48:39,418 INFO Parsed 47900000 reads
2019-03-29 15:48:41,544 INFO Parsed 48000000 reads
2019-03-29 15:48:43,695 INFO Parsed 48100000 reads
2019-03-29 15:48:45,841 INFO Parsed 48200000 reads
2019-03-29 15:48:47,974 INFO Parsed 48300000 reads
2019-03-29 15:48:50,131 INFO Parsed 48400000 reads
2019-03-29 15:48:52,279 INFO Parsed 48500000 reads
2019-03-29 15:48:54,408 INFO Parsed 48600000 reads
2019-03-29 15:48:56,624 INFO Parsed 48700000 reads
2019-03-29 15:48:58,782 INFO Parsed 48800000 reads
2019-03-29 15:49:00,983 INFO Parsed 48900000 reads
2019-03-29 15:49:03,142 INFO Parsed 49000000 reads
2019-03-29 15:49:05,299 INFO Parsed 49100000 reads
2019-03-29 15:49:07,456 INFO Parsed 49200000 reads
2019-03-29 15:49:09,625 INFO Parsed 49300000 reads
2019-03-29 15:49:11,779 INFO Parsed 49400000 reads
2019-03-29 15:49:13,925 INFO Parsed 49500000 reads
2019-03-29 15:49:16,080 INFO Parsed 49600000 reads
2019-03-29 15:49:18,240 INFO Parsed 49700000 reads
2019-03-29 15:49:20,408 INFO Parsed 49800000 reads
2019-03-29 15:49:22,577 INFO Parsed 49900000 reads
2019-03-29 15:49:24,744 INFO Parsed 50000000 reads
2019-03-29 15:49:26,908 INFO Parsed 50100000 reads
2019-03-29 15:49:29,104 INFO Parsed 50200000 reads
2019-03-29 15:49:31,285 INFO Parsed 50300000 reads
2019-03-29 15:49:33,458 INFO Parsed 50400000 reads
2019-03-29 15:49:35,634 INFO Parsed 50500000 reads
2019-03-29 15:49:37,796 INFO Parsed 50600000 reads
2019-03-29 15:49:39,947 INFO Parsed 50700000 reads
2019-03-29 15:49:42,090 INFO Parsed 50800000 reads
2019-03-29 15:49:44,208 INFO Parsed 50900000 reads
2019-03-29 15:49:46,331 INFO Parsed 51000000 reads
2019-03-29 15:49:48,464 INFO Parsed 51100000 reads
2019-03-29 15:49:50,595 INFO Parsed 51200000 reads
2019-03-29 15:49:52,722 INFO Parsed 51300000 reads
2019-03-29 15:49:54,855 INFO Parsed 51400000 reads
2019-03-29 15:49:56,992 INFO Parsed 51500000 reads
2019-03-29 15:49:59,122 INFO Parsed 51600000 reads
2019-03-29 15:50:01,251 INFO Parsed 51700000 reads
2019-03-29 15:50:03,411 INFO Parsed 51800000 reads
2019-03-29 15:50:05,578 INFO Parsed 51900000 reads
2019-03-29 15:50:07,739 INFO Parsed 52000000 reads
2019-03-29 15:50:09,904 INFO Parsed 52100000 reads
2019-03-29 15:50:12,068 INFO Parsed 52200000 reads
2019-03-29 15:50:14,230 INFO Parsed 52300000 reads
2019-03-29 15:50:16,398 INFO Parsed 52400000 reads
2019-03-29 15:50:18,560 INFO Parsed 52500000 reads
2019-03-29 15:50:20,707 INFO Parsed 52600000 reads
2019-03-29 15:50:22,855 INFO Parsed 52700000 reads
2019-03-29 15:50:25,017 INFO Parsed 52800000 reads
2019-03-29 15:50:27,187 INFO Parsed 52900000 reads
2019-03-29 15:50:29,349 INFO Parsed 53000000 reads
2019-03-29 15:50:31,509 INFO Parsed 53100000 reads
2019-03-29 15:50:33,675 INFO Parsed 53200000 reads
2019-03-29 15:50:35,840 INFO Parsed 53300000 reads
2019-03-29 15:50:38,015 INFO Parsed 53400000 reads
2019-03-29 15:50:40,185 INFO Parsed 53500000 reads
2019-03-29 15:50:42,371 INFO Parsed 53600000 reads
2019-03-29 15:50:44,536 INFO Parsed 53700000 reads
2019-03-29 15:50:46,675 INFO Parsed 53800000 reads
2019-03-29 15:50:48,800 INFO Parsed 53900000 reads
2019-03-29 15:50:50,925 INFO Parsed 54000000 reads
2019-03-29 15:50:53,048 INFO Parsed 54100000 reads
2019-03-29 15:50:55,177 INFO Parsed 54200000 reads
2019-03-29 15:50:57,302 INFO Parsed 54300000 reads
2019-03-29 15:50:59,425 INFO Parsed 54400000 reads
2019-03-29 15:51:01,550 INFO Parsed 54500000 reads
2019-03-29 15:51:03,677 INFO Parsed 54600000 reads
2019-03-29 15:51:05,804 INFO Parsed 54700000 reads
2019-03-29 15:51:07,940 INFO Parsed 54800000 reads
2019-03-29 15:51:10,111 INFO Parsed 54900000 reads
2019-03-29 15:51:12,275 INFO Parsed 55000000 reads
2019-03-29 15:51:14,442 INFO Parsed 55100000 reads
2019-03-29 15:51:16,601 INFO Parsed 55200000 reads
2019-03-29 15:51:18,785 INFO Parsed 55300000 reads
2019-03-29 15:51:20,945 INFO Parsed 55400000 reads
2019-03-29 15:51:23,101 INFO Parsed 55500000 reads
2019-03-29 15:51:25,257 INFO Parsed 55600000 reads
2019-03-29 15:51:27,412 INFO Parsed 55700000 reads
2019-03-29 15:51:29,564 INFO Parsed 55800000 reads
2019-03-29 15:51:31,711 INFO Parsed 55900000 reads
2019-03-29 15:51:33,874 INFO Parsed 56000000 reads
2019-03-29 15:51:36,036 INFO Parsed 56100000 reads
2019-03-29 15:51:38,200 INFO Parsed 56200000 reads
2019-03-29 15:51:40,367 INFO Parsed 56300000 reads
2019-03-29 15:51:42,537 INFO Parsed 56400000 reads
2019-03-29 15:51:44,703 INFO Parsed 56500000 reads
2019-03-29 15:51:46,862 INFO Parsed 56600000 reads
2019-03-29 15:51:49,022 INFO Parsed 56700000 reads
2019-03-29 15:51:51,183 INFO Parsed 56800000 reads
2019-03-29 15:51:53,341 INFO Parsed 56900000 reads
2019-03-29 15:51:55,471 INFO Parsed 57000000 reads
2019-03-29 15:51:57,611 INFO Parsed 57100000 reads
2019-03-29 15:51:59,752 INFO Parsed 57200000 reads
2019-03-29 15:52:01,889 INFO Parsed 57300000 reads
2019-03-29 15:52:04,030 INFO Parsed 57400000 reads
2019-03-29 15:52:06,157 INFO Parsed 57500000 reads
2019-03-29 15:52:08,290 INFO Parsed 57600000 reads
2019-03-29 15:52:10,426 INFO Parsed 57700000 reads
2019-03-29 15:52:12,567 INFO Parsed 57800000 reads
2019-03-29 15:52:14,704 INFO Parsed 57900000 reads
2019-03-29 15:52:16,888 INFO Parsed 58000000 reads
2019-03-29 15:52:19,073 INFO Parsed 58100000 reads
2019-03-29 15:52:21,235 INFO Parsed 58200000 reads
2019-03-29 15:52:23,396 INFO Parsed 58300000 reads
2019-03-29 15:52:25,556 INFO Parsed 58400000 reads
2019-03-29 15:52:27,716 INFO Parsed 58500000 reads
2019-03-29 15:52:29,874 INFO Parsed 58600000 reads
2019-03-29 15:52:32,027 INFO Parsed 58700000 reads
2019-03-29 15:52:34,177 INFO Parsed 58800000 reads
2019-03-29 15:52:36,358 INFO Parsed 58900000 reads
2019-03-29 15:52:38,538 INFO Parsed 59000000 reads
2019-03-29 15:52:40,782 INFO Parsed 59100000 reads
2019-03-29 15:52:42,957 INFO Parsed 59200000 reads
2019-03-29 15:52:45,187 INFO Parsed 59300000 reads
2019-03-29 15:52:47,371 INFO Parsed 59400000 reads
2019-03-29 15:52:49,544 INFO Parsed 59500000 reads
2019-03-29 15:52:51,709 INFO Parsed 59600000 reads
2019-03-29 15:52:53,873 INFO Parsed 59700000 reads
2019-03-29 15:52:56,036 INFO Parsed 59800000 reads
2019-03-29 15:52:58,204 INFO Parsed 59900000 reads
2019-03-29 15:53:00,371 INFO Parsed 60000000 reads
2019-03-29 15:53:02,521 INFO Parsed 60100000 reads
2019-03-29 15:53:04,687 INFO Parsed 60200000 reads
2019-03-29 15:53:06,821 INFO Parsed 60300000 reads
2019-03-29 15:53:08,960 INFO Parsed 60400000 reads
2019-03-29 15:53:11,094 INFO Parsed 60500000 reads
2019-03-29 15:53:13,237 INFO Parsed 60600000 reads
2019-03-29 15:53:15,398 INFO Parsed 60700000 reads
2019-03-29 15:53:17,532 INFO Parsed 60800000 reads
2019-03-29 15:53:19,670 INFO Parsed 60900000 reads
2019-03-29 15:53:21,810 INFO Parsed 61000000 reads
2019-03-29 15:53:23,966 INFO Parsed 61100000 reads
2019-03-29 15:53:26,130 INFO Parsed 61200000 reads
2019-03-29 15:53:28,294 INFO Parsed 61300000 reads
2019-03-29 15:53:30,453 INFO Parsed 61400000 reads
2019-03-29 15:53:32,610 INFO Parsed 61500000 reads
2019-03-29 15:53:34,763 INFO Parsed 61600000 reads
2019-03-29 15:53:36,914 INFO Parsed 61700000 reads
2019-03-29 15:53:39,065 INFO Parsed 61800000 reads
2019-03-29 15:53:41,214 INFO Parsed 61900000 reads
2019-03-29 15:53:43,366 INFO Parsed 62000000 reads
2019-03-29 15:53:45,510 INFO Parsed 62100000 reads
2019-03-29 15:53:47,674 INFO Parsed 62200000 reads
2019-03-29 15:53:49,839 INFO Parsed 62300000 reads
2019-03-29 15:53:52,002 INFO Parsed 62400000 reads
2019-03-29 15:53:54,161 INFO Parsed 62500000 reads
2019-03-29 15:53:56,325 INFO Parsed 62600000 reads
2019-03-29 15:53:58,498 INFO Parsed 62700000 reads
2019-03-29 15:54:00,662 INFO Parsed 62800000 reads
2019-03-29 15:54:02,825 INFO Parsed 62900000 reads
2019-03-29 15:54:04,987 INFO Parsed 63000000 reads
2019-03-29 15:54:07,148 INFO Parsed 63100000 reads
2019-03-29 15:54:09,303 INFO Parsed 63200000 reads
2019-03-29 15:54:11,442 INFO Parsed 63300000 reads
2019-03-29 15:54:13,571 INFO Parsed 63400000 reads
2019-03-29 15:54:15,696 INFO Parsed 63500000 reads
2019-03-29 15:54:17,828 INFO Parsed 63600000 reads
2019-03-29 15:54:19,978 INFO Parsed 63700000 reads
2019-03-29 15:54:22,117 INFO Parsed 63800000 reads
2019-03-29 15:54:24,250 INFO Parsed 63900000 reads
2019-03-29 15:54:26,389 INFO Parsed 64000000 reads
2019-03-29 15:54:28,529 INFO Parsed 64100000 reads
2019-03-29 15:54:30,699 INFO Parsed 64200000 reads
2019-03-29 15:54:32,873 INFO Parsed 64300000 reads
2019-03-29 15:54:35,057 INFO Parsed 64400000 reads
2019-03-29 15:54:37,220 INFO Parsed 64500000 reads
2019-03-29 15:54:39,404 INFO Parsed 64600000 reads
2019-03-29 15:54:41,569 INFO Parsed 64700000 reads
2019-03-29 15:54:43,727 INFO Parsed 64800000 reads
2019-03-29 15:54:45,884 INFO Parsed 64900000 reads
2019-03-29 15:54:48,042 INFO Parsed 65000000 reads
2019-03-29 15:54:50,198 INFO Parsed 65100000 reads
2019-03-29 15:54:52,351 INFO Parsed 65200000 reads
2019-03-29 15:54:54,510 INFO Parsed 65300000 reads
2019-03-29 15:54:56,676 INFO Parsed 65400000 reads
2019-03-29 15:54:58,844 INFO Parsed 65500000 reads
2019-03-29 15:55:01,014 INFO Parsed 65600000 reads
2019-03-29 15:55:03,181 INFO Parsed 65700000 reads
2019-03-29 15:55:05,336 INFO Parsed 65800000 reads
2019-03-29 15:55:07,497 INFO Parsed 65900000 reads
2019-03-29 15:55:09,658 INFO Parsed 66000000 reads
2019-03-29 15:55:11,819 INFO Parsed 66100000 reads
2019-03-29 15:55:13,972 INFO Parsed 66200000 reads
2019-03-29 15:55:16,098 INFO Parsed 66300000 reads
2019-03-29 15:55:18,245 INFO Parsed 66400000 reads
2019-03-29 15:55:20,374 INFO Parsed 66500000 reads
2019-03-29 15:55:22,507 INFO Parsed 66600000 reads
2019-03-29 15:55:24,636 INFO Parsed 66700000 reads
2019-03-29 15:55:26,835 INFO Parsed 66800000 reads
2019-03-29 15:55:29,001 INFO Parsed 66900000 reads
2019-03-29 15:55:31,173 INFO Parsed 67000000 reads
2019-03-29 15:55:33,299 INFO Parsed 67100000 reads
2019-03-29 15:55:35,443 INFO Parsed 67200000 reads
2019-03-29 15:55:37,607 INFO Parsed 67300000 reads
2019-03-29 15:55:39,776 INFO Parsed 67400000 reads
2019-03-29 15:55:41,941 INFO Parsed 67500000 reads
2019-03-29 15:55:44,105 INFO Parsed 67600000 reads
2019-03-29 15:55:46,266 INFO Parsed 67700000 reads
2019-03-29 15:55:48,425 INFO Parsed 67800000 reads
2019-03-29 15:55:50,583 INFO Parsed 67900000 reads
2019-03-29 15:55:52,742 INFO Parsed 68000000 reads
2019-03-29 15:55:54,899 INFO Parsed 68100000 reads
2019-03-29 15:55:57,049 INFO Parsed 68200000 reads
2019-03-29 15:55:59,212 INFO Parsed 68300000 reads
2019-03-29 15:56:01,384 INFO Parsed 68400000 reads
2019-03-29 15:56:03,554 INFO Parsed 68500000 reads
2019-03-29 15:56:05,725 INFO Parsed 68600000 reads
2019-03-29 15:56:07,887 INFO Parsed 68700000 reads
2019-03-29 15:56:10,048 INFO Parsed 68800000 reads
2019-03-29 15:56:12,213 INFO Parsed 68900000 reads
2019-03-29 15:56:14,377 INFO Parsed 69000000 reads
2019-03-29 15:56:16,541 INFO Parsed 69100000 reads
2019-03-29 15:56:18,754 INFO Parsed 69200000 reads
2019-03-29 15:56:20,960 INFO Parsed 69300000 reads
2019-03-29 15:56:23,130 INFO Parsed 69400000 reads
2019-03-29 15:56:25,291 INFO Parsed 69500000 reads
2019-03-29 15:56:27,426 INFO Parsed 69600000 reads
2019-03-29 15:56:29,565 INFO Parsed 69700000 reads
2019-03-29 15:56:31,709 INFO Parsed 69800000 reads
2019-03-29 15:56:33,847 INFO Parsed 69900000 reads
2019-03-29 15:56:35,996 INFO Parsed 70000000 reads
2019-03-29 15:56:38,139 INFO Parsed 70100000 reads
2019-03-29 15:56:40,276 INFO Parsed 70200000 reads
2019-03-29 15:56:42,434 INFO Parsed 70300000 reads
2019-03-29 15:56:44,601 INFO Parsed 70400000 reads
2019-03-29 15:56:46,799 INFO Parsed 70500000 reads
2019-03-29 15:56:48,963 INFO Parsed 70600000 reads
2019-03-29 15:56:51,126 INFO Parsed 70700000 reads
2019-03-29 15:56:53,293 INFO Parsed 70800000 reads
2019-03-29 15:56:55,452 INFO Parsed 70900000 reads
2019-03-29 15:56:57,608 INFO Parsed 71000000 reads
2019-03-29 15:56:59,767 INFO Parsed 71100000 reads
2019-03-29 15:57:01,930 INFO Parsed 71200000 reads
2019-03-29 15:57:04,084 INFO Parsed 71300000 reads
2019-03-29 15:57:06,240 INFO Parsed 71400000 reads
2019-03-29 15:57:08,407 INFO Parsed 71500000 reads
2019-03-29 15:57:10,584 INFO Parsed 71600000 reads
2019-03-29 15:57:12,749 INFO Parsed 71700000 reads
2019-03-29 15:57:14,920 INFO Parsed 71800000 reads
2019-03-29 15:57:17,086 INFO Parsed 71900000 reads
2019-03-29 15:57:19,261 INFO Parsed 72000000 reads
2019-03-29 15:57:21,445 INFO Parsed 72100000 reads
2019-03-29 15:57:23,618 INFO Parsed 72200000 reads
2019-03-29 15:57:25,776 INFO Parsed 72300000 reads
2019-03-29 15:57:27,938 INFO Parsed 72400000 reads
2019-03-29 15:57:30,085 INFO Parsed 72500000 reads
2019-03-29 15:57:32,220 INFO Parsed 72600000 reads
2019-03-29 15:57:34,360 INFO Parsed 72700000 reads
2019-03-29 15:57:36,494 INFO Parsed 72800000 reads
2019-03-29 15:57:38,626 INFO Parsed 72900000 reads
2019-03-29 15:57:40,761 INFO Parsed 73000000 reads
2019-03-29 15:57:42,903 INFO Parsed 73100000 reads
2019-03-29 15:57:45,040 INFO Parsed 73200000 reads
2019-03-29 15:57:47,177 INFO Parsed 73300000 reads
2019-03-29 15:57:49,312 INFO Parsed 73400000 reads
2019-03-29 15:57:49,942 INFO Input Reads: 73429263
2019-03-29 15:57:49,942 INFO Reads output: 73429263
# job finished in 1579 seconds at Fri Mar 29 15:57:49 2019 -- 1575.61  5.47  0.00  0.00 -- 91219c51-c327-465d-aba1-7709beea86b3
